[INFO] [1777033157.159577134] [fp_imu_relay]: Auto time sync enabled — waiting for /livox/imu
[INFO] [1777033157.161502566] [fp_imu_relay]: FpImuRelay started — GPS relay: /fixposition/odometry_enu → /odometry_enu_synced
[INFO] [1777033157.166091693] [fp_imu_relay]: First IMU message relayed
[INFO] [1777033157.169488690] [fp_imu_relay]: First GPS odom relayed (offset=0.000s)
[INFO] [1777033167.187815498] [fp_imu_relay]: Relayed 2000 msgs (0 bias-corrected, status=-1)
[INFO] [1777033177.242643774] [fp_imu_relay]: Relayed 4000 msgs (0 bias-corrected, status=-1)
[INFO] [1777033187.250961664] [fp_imu_relay]: Relayed 6000 msgs (0 bias-corrected, status=-1)
[INFO] [1777033197.288153543] [fp_imu_relay]: Relayed 8000 msgs (0 bias-corrected, status=-1)
[INFO] [1777033207.301455826] [fp_imu_relay]: Relayed 10000 msgs (0 bias-corrected, status=-1)
[INFO] [1777033217.306003352] [fp_imu_relay]: Relayed 12000 msgs (0 bias-corrected, status=-1)
[INFO] [1777033227.316585976] [fp_imu_relay]: Relayed 14000 msgs (0 bias-corrected, status=-1)
[INFO] [1777033237.340559118] [fp_imu_relay]: Relayed 16000 msgs (0 bias-corrected, status=-1)
[INFO] [1777033247.394370078] [fp_imu_relay]: Relayed 18000 msgs (0 bias-corrected, status=-1)
[INFO] [1777033257.387742300] [fp_imu_relay]: Relayed 20000 msgs (0 bias-corrected, status=-1)
[INFO] [1777033267.467066863] [fp_imu_relay]: Relayed 22000 msgs (0 bias-corrected, status=-1)
[INFO] [1777033277.503241210] [fp_imu_relay]: Relayed 24000 msgs (0 bias-corrected, status=-1)
[INFO] [1777033287.521527964] [fp_imu_relay]: Relayed 26000 msgs (0 bias-corrected, status=-1)
[INFO] [1777033297.536531408] [fp_imu_relay]: Relayed 28000 msgs (0 bias-corrected, status=-1)
[INFO] [1777033307.568455390] [fp_imu_relay]: Relayed 30000 msgs (0 bias-corrected, status=-1)
[INFO] [1777033317.588501103] [fp_imu_relay]: Relayed 32000 msgs (0 bias-corrected, status=-1)
[INFO] [1777033327.609782839] [fp_imu_relay]: Relayed 34000 msgs (0 bias-corrected, status=-1)
[INFO] [1777033337.648076429] [fp_imu_relay]: Relayed 36000 msgs (0 bias-corrected, status=-1)
[INFO] [1777033347.668721592] [fp_imu_relay]: Relayed 38000 msgs (0 bias-corrected, status=-1)
[INFO] [1777033357.672266489] [fp_imu_relay]: Relayed 40000 msgs (0 bias-corrected, status=-1)
[INFO] [1777033367.695247867] [fp_imu_relay]: Relayed 42000 msgs (0 bias-corrected, status=-1)
[INFO] [1777033377.886511640] [fp_imu_relay]: Relayed 44000 msgs (0 bias-corrected, status=-1)
[INFO] [1777033387.911167169] [fp_imu_relay]: Relayed 46000 msgs (0 bias-corrected, status=-1)
[INFO] [1777033398.024502765] [fp_imu_relay]: Relayed 48000 msgs (0 bias-corrected, status=-1)
[INFO] [1777033408.215955021] [fp_imu_relay]: Relayed 50000 msgs (0 bias-corrected, status=-1)
[INFO] [1777033418.312031101] [fp_imu_relay]: Relayed 52000 msgs (0 bias-corrected, status=-1)
[INFO] [1777033428.380311643] [fp_imu_relay]: Relayed 54000 msgs (0 bias-corrected, status=-1)
[INFO] [1777033438.568130408] [fp_imu_relay]: Relayed 56000 msgs (0 bias-corrected, status=-1)
[INFO] [1777033448.657919746] [fp_imu_relay]: Relayed 58000 msgs (0 bias-corrected, status=-1)
[INFO] [1777033458.796828170] [fp_imu_relay]: Relayed 60000 msgs (0 bias-corrected, status=-1)
[INFO] [1777033468.846200759] [fp_imu_relay]: Relayed 62000 msgs (0 bias-corrected, status=-1)
[INFO] [1777033479.060613070] [fp_imu_relay]: Relayed 64000 msgs (0 bias-corrected, status=-1)
[INFO] [1777033489.141867291] [fp_imu_relay]: Relayed 66000 msgs (0 bias-corrected, status=-1)
[INFO] [1777033499.389707360] [fp_imu_relay]: Relayed 68000 msgs (0 bias-corrected, status=-1)
[INFO] [1777033509.545630960] [fp_imu_relay]: Relayed 70000 msgs (0 bias-corrected, status=-1)
[INFO] [1777033519.698870685] [fp_imu_relay]: Relayed 72000 msgs (0 bias-corrected, status=-1)
[INFO] [1777033529.826704636] [fp_imu_relay]: Relayed 74000 msgs (0 bias-corrected, status=-1)
[INFO] [1777033539.882583774] [fp_imu_relay]: Relayed 76000 msgs (0 bias-corrected, status=-1)
[INFO] [1777033549.979545990] [fp_imu_relay]: Relayed 78000 msgs (0 bias-corrected, status=-1)
[INFO] [1777033560.125224356] [fp_imu_relay]: Relayed 80000 msgs (0 bias-corrected, status=-1)
[INFO] [1777033570.431566399] [fp_imu_relay]: Relayed 82000 msgs (0 bias-corrected, status=-1)
[INFO] [1777033580.798081984] [fp_imu_relay]: Relayed 84000 msgs (0 bias-corrected, status=-1)
[INFO] [1777033591.893567910] [fp_imu_relay]: Relayed 86000 msgs (0 bias-corrected, status=-1)
[INFO] [1777033602.294463845] [fp_imu_relay]: Relayed 88000 msgs (0 bias-corrected, status=-1)
[INFO] [1777033612.558234994] [fp_imu_relay]: Relayed 90000 msgs (0 bias-corrected, status=-1)
[INFO] [1777033622.715989562] [fp_imu_relay]: Relayed 92000 msgs (0 bias-corrected, status=-1)
[INFO] [1777033632.998849547] [fp_imu_relay]: Relayed 94000 msgs (0 bias-corrected, status=-1)
[INFO] [1777033643.404323292] [fp_imu_relay]: Relayed 96000 msgs (0 bias-corrected, status=-1)
[INFO] [1777033653.613757561] [fp_imu_relay]: Relayed 98000 msgs (0 bias-corrected, status=-1)
[INFO] [1777033664.188737525] [fp_imu_relay]: Relayed 100000 msgs (0 bias-corrected, status=-1)
[INFO] [1777033674.919077886] [fp_imu_relay]: Relayed 102000 msgs (0 bias-corrected, status=-1)
[INFO] [1777033685.858225358] [fp_imu_relay]: Relayed 104000 msgs (0 bias-corrected, status=-1)
[INFO] [1777033696.101574879] [fp_imu_relay]: Relayed 106000 msgs (0 bias-corrected, status=-1)
[INFO] [1777033706.592262726] [fp_imu_relay]: Relayed 108000 msgs (0 bias-corrected, status=-1)
[INFO] [1777033716.844090291] [fp_imu_relay]: Relayed 110000 msgs (0 bias-corrected, status=-1)
[INFO] [1777033727.255318606] [fp_imu_relay]: Relayed 112000 msgs (0 bias-corrected, status=-1)
[INFO] [1777033737.307506701] [fp_imu_relay]: Relayed 114000 msgs (0 bias-corrected, status=-1)
[INFO] [1777033747.505913586] [fp_imu_relay]: Relayed 116000 msgs (0 bias-corrected, status=-1)
[INFO] [1777033757.821379996] [fp_imu_relay]: Relayed 118000 msgs (0 bias-corrected, status=-1)
[INFO] [1777033768.053757888] [fp_imu_relay]: Relayed 120000 msgs (0 bias-corrected, status=-1)
[INFO] [1777033778.478500095] [fp_imu_relay]: Relayed 122000 msgs (0 bias-corrected, status=-1)
[INFO] [1777033788.737059537] [fp_imu_relay]: Relayed 124000 msgs (0 bias-corrected, status=-1)
[INFO] [1777033798.875667972] [fp_imu_relay]: Relayed 126000 msgs (0 bias-corrected, status=-1)
[INFO] [1777033809.045409306] [fp_imu_relay]: Relayed 128000 msgs (0 bias-corrected, status=-1)
[INFO] [1777033819.134289687] [fp_imu_relay]: Relayed 130000 msgs (0 bias-corrected, status=-1)
[INFO] [1777033829.228447715] [fp_imu_relay]: Relayed 132000 msgs (0 bias-corrected, status=-1)
[INFO] [1777033839.407612499] [fp_imu_relay]: Relayed 134000 msgs (0 bias-corrected, status=-1)
[INFO] [1777033849.462089989] [fp_imu_relay]: Relayed 136000 msgs (0 bias-corrected, status=-1)
[INFO] [1777033859.514868223] [fp_imu_relay]: Relayed 138000 msgs (0 bias-corrected, status=-1)
[INFO] [1777033869.711657281] [fp_imu_relay]: Relayed 140000 msgs (0 bias-corrected, status=-1)
[INFO] [1777033879.957799473] [fp_imu_relay]: Relayed 142000 msgs (0 bias-corrected, status=-1)
[INFO] [1777033890.071527907] [fp_imu_relay]: Relayed 144000 msgs (0 bias-corrected, status=-1)
[INFO] [1777033900.317438395] [fp_imu_relay]: Relayed 146000 msgs (0 bias-corrected, status=-1)
[INFO] [1777033910.850198045] [fp_imu_relay]: Relayed 148000 msgs (0 bias-corrected, status=-1)
[INFO] [1777033921.161230669] [fp_imu_relay]: Relayed 150000 msgs (0 bias-corrected, status=-1)
[INFO] [1777033931.261996344] [fp_imu_relay]: Relayed 152000 msgs (0 bias-corrected, status=-1)
[INFO] [1777033941.445406904] [fp_imu_relay]: Relayed 154000 msgs (0 bias-corrected, status=-1)
[INFO] [1777033951.644506984] [fp_imu_relay]: Relayed 156000 msgs (0 bias-corrected, status=-1)
[INFO] [1777033961.753990514] [fp_imu_relay]: Relayed 158000 msgs (0 bias-corrected, status=-1)
[INFO] [1777033971.810223608] [fp_imu_relay]: Relayed 160000 msgs (0 bias-corrected, status=-1)
[INFO] [1777033981.936125963] [fp_imu_relay]: Relayed 162000 msgs (0 bias-corrected, status=-1)
[INFO] [1777033992.277679689] [fp_imu_relay]: Relayed 164000 msgs (0 bias-corrected, status=-1)
[INFO] [1777034002.646964845] [fp_imu_relay]: Relayed 166000 msgs (0 bias-corrected, status=-1)
[INFO] [1777034013.046800779] [fp_imu_relay]: Relayed 168000 msgs (0 bias-corrected, status=-1)
[INFO] [1777034023.398120615] [fp_imu_relay]: Relayed 170000 msgs (0 bias-corrected, status=-1)
[INFO] [1777034033.401509746] [fp_imu_relay]: Relayed 172000 msgs (0 bias-corrected, status=-1)
[INFO] [1777034043.498400346] [fp_imu_relay]: Relayed 174000 msgs (0 bias-corrected, status=-1)
[INFO] [1777034053.530515553] [fp_imu_relay]: Relayed 176000 msgs (0 bias-corrected, status=-1)
[INFO] [1777034063.701950185] [fp_imu_relay]: Relayed 178000 msgs (0 bias-corrected, status=-1)
[INFO] [1777034073.748702351] [fp_imu_relay]: Relayed 180000 msgs (0 bias-corrected, status=-1)
[INFO] [1777034083.886082818] [fp_imu_relay]: Relayed 182000 msgs (0 bias-corrected, status=-1)
[INFO] [1777034094.016033798] [fp_imu_relay]: Relayed 184000 msgs (0 bias-corrected, status=-1)
[INFO] [1777034104.055810089] [fp_imu_relay]: Relayed 186000 msgs (0 bias-corrected, status=-1)
[INFO] [1777034114.192382062] [fp_imu_relay]: Relayed 188000 msgs (0 bias-corrected, status=-1)
[INFO] [1777034124.262200982] [fp_imu_relay]: Relayed 190000 msgs (0 bias-corrected, status=-1)
[INFO] [1777034134.316900479] [fp_imu_relay]: Relayed 192000 msgs (0 bias-corrected, status=-1)
[INFO] [1777034144.947109285] [fp_imu_relay]: Relayed 194000 msgs (0 bias-corrected, status=-1)
[INFO] [1777034155.053499649] [fp_imu_relay]: Relayed 196000 msgs (0 bias-corrected, status=-1)
[INFO] [1777034165.101817178] [fp_imu_relay]: Relayed 198000 msgs (0 bias-corrected, status=-1)
[INFO] [1777034175.215833115] [fp_imu_relay]: Relayed 200000 msgs (0 bias-corrected, status=-1)
[INFO] [1777034185.373750715] [fp_imu_relay]: Relayed 202000 msgs (0 bias-corrected, status=-1)
[INFO] [1777034195.512562847] [fp_imu_relay]: Relayed 204000 msgs (0 bias-corrected, status=-1)
[INFO] [1777034206.223361774] [fp_imu_relay]: Relayed 206000 msgs (0 bias-corrected, status=-1)
[INFO] [1777034216.323850493] [fp_imu_relay]: Relayed 208000 msgs (0 bias-corrected, status=-1)
[INFO] [1777034226.476348722] [fp_imu_relay]: Relayed 210000 msgs (0 bias-corrected, status=-1)
[INFO] [1777034236.551934951] [fp_imu_relay]: Relayed 212000 msgs (0 bias-corrected, status=-1)
[INFO] [1777034246.605986700] [fp_imu_relay]: Relayed 214000 msgs (0 bias-corrected, status=-1)
[INFO] [1777034256.805389575] [fp_imu_relay]: Relayed 216000 msgs (0 bias-corrected, status=-1)
[INFO] [1777034266.861344213] [fp_imu_relay]: Relayed 218000 msgs (0 bias-corrected, status=-1)
[INFO] [1777034276.916490186] [fp_imu_relay]: Relayed 220000 msgs (0 bias-corrected, status=-1)
[INFO] [1777034286.945981981] [fp_imu_relay]: Relayed 222000 msgs (0 bias-corrected, status=-1)
[INFO] [1777034296.960764423] [fp_imu_relay]: Relayed 224000 msgs (0 bias-corrected, status=-1)
[INFO] [1777034307.005660538] [fp_imu_relay]: Relayed 226000 msgs (0 bias-corrected, status=-1)
[INFO] [1777034317.210771414] [fp_imu_relay]: Relayed 228000 msgs (0 bias-corrected, status=-1)
[INFO] [1777034327.376122894] [fp_imu_relay]: Relayed 230000 msgs (0 bias-corrected, status=-1)
[INFO] [1777034337.396553786] [fp_imu_relay]: Relayed 232000 msgs (0 bias-corrected, status=-1)
[INFO] [1777034347.452548163] [fp_imu_relay]: Relayed 234000 msgs (0 bias-corrected, status=-1)
[INFO] [1777034357.796893626] [fp_imu_relay]: Relayed 236000 msgs (0 bias-corrected, status=-1)
[INFO] [1777034367.920956639] [fp_imu_relay]: Relayed 238000 msgs (0 bias-corrected, status=-1)
[INFO] [1777034377.971916883] [fp_imu_relay]: Relayed 240000 msgs (0 bias-corrected, status=-1)
[INFO] [1777034388.241901093] [fp_imu_relay]: Relayed 242000 msgs (0 bias-corrected, status=-1)
[INFO] [1777034398.312203002] [fp_imu_relay]: Relayed 244000 msgs (0 bias-corrected, status=-1)
[INFO] [1777034408.347287857] [fp_imu_relay]: Relayed 246000 msgs (0 bias-corrected, status=-1)
[INFO] [1777034418.488681529] [fp_imu_relay]: Relayed 248000 msgs (0 bias-corrected, status=-1)
[INFO] [1777034428.539016455] [fp_imu_relay]: Relayed 250000 msgs (0 bias-corrected, status=-1)
[INFO] [1777034439.024239402] [fp_imu_relay]: Relayed 252000 msgs (0 bias-corrected, status=-1)
[INFO] [1777034449.028756139] [fp_imu_relay]: Relayed 254000 msgs (0 bias-corrected, status=-1)
[INFO] [1777034459.075555949] [fp_imu_relay]: Relayed 256000 msgs (0 bias-corrected, status=-1)
[INFO] [1777034469.075746096] [fp_imu_relay]: Relayed 258000 msgs (0 bias-corrected, status=-1)
[INFO] [1777034479.100753400] [fp_imu_relay]: Relayed 260000 msgs (0 bias-corrected, status=-1)
[INFO] [1777034489.248842149] [fp_imu_relay]: Relayed 262000 msgs (0 bias-corrected, status=-1)
[INFO] [1777034499.304102396] [fp_imu_relay]: Relayed 264000 msgs (0 bias-corrected, status=-1)
[INFO] [1777034509.341989668] [fp_imu_relay]: Relayed 266000 msgs (0 bias-corrected, status=-1)
[INFO] [1777034519.357007583] [fp_imu_relay]: Relayed 268000 msgs (0 bias-corrected, status=-1)
[INFO] [1777034529.493419718] [fp_imu_relay]: Relayed 270000 msgs (0 bias-corrected, status=-1)
[INFO] [1777034539.511802497] [fp_imu_relay]: Relayed 272000 msgs (0 bias-corrected, status=-1)
[INFO] [1777034549.526784191] [fp_imu_relay]: Relayed 274000 msgs (0 bias-corrected, status=-1)
[INFO] [1777034559.812229368] [fp_imu_relay]: Relayed 276000 msgs (0 bias-corrected, status=-1)
[INFO] [1777034569.938049302] [fp_imu_relay]: Relayed 278000 msgs (0 bias-corrected, status=-1)
[INFO] [1777034579.975525746] [fp_imu_relay]: Relayed 280000 msgs (0 bias-corrected, status=-1)
[INFO] [1777034589.966677449] [fp_imu_relay]: Relayed 282000 msgs (0 bias-corrected, status=-1)
[INFO] [1777034600.272444918] [fp_imu_relay]: Relayed 284000 msgs (0 bias-corrected, status=-1)
[INFO] [1777034610.283200080] [fp_imu_relay]: Relayed 286000 msgs (0 bias-corrected, status=-1)
[INFO] [1777034620.529447671] [fp_imu_relay]: Relayed 288000 msgs (0 bias-corrected, status=-1)
[INFO] [1777034630.641668208] [fp_imu_relay]: Relayed 290000 msgs (0 bias-corrected, status=-1)
[INFO] [1777034640.664397221] [fp_imu_relay]: Relayed 292000 msgs (0 bias-corrected, status=-1)
[INFO] [1777034650.687010558] [fp_imu_relay]: Relayed 294000 msgs (0 bias-corrected, status=-1)
[INFO] [1777034660.707933215] [fp_imu_relay]: Relayed 296000 msgs (0 bias-corrected, status=-1)
[INFO] [1777034670.742442412] [fp_imu_relay]: Relayed 298000 msgs (0 bias-corrected, status=-1)
[INFO] [1777034680.763381037] [fp_imu_relay]: Relayed 300000 msgs (0 bias-corrected, status=-1)
[INFO] [1777034690.771315807] [fp_imu_relay]: Relayed 302000 msgs (0 bias-corrected, status=-1)
[INFO] [1777034700.786078180] [fp_imu_relay]: Relayed 304000 msgs (0 bias-corrected, status=-1)
[INFO] [1777034711.001791730] [fp_imu_relay]: Relayed 306000 msgs (0 bias-corrected, status=-1)
[INFO] [1777034720.990858747] [fp_imu_relay]: Relayed 308000 msgs (0 bias-corrected, status=-1)
[INFO] [1777034731.112678518] [fp_imu_relay]: Relayed 310000 msgs (0 bias-corrected, status=-1)
[INFO] [1777034741.208175471] [fp_imu_relay]: Relayed 312000 msgs (0 bias-corrected, status=-1)
[INFO] [1777034751.250669251] [fp_imu_relay]: Relayed 314000 msgs (0 bias-corrected, status=-1)
[INFO] [1777034761.315856162] [fp_imu_relay]: Relayed 316000 msgs (0 bias-corrected, status=-1)
[INFO] [1777034771.361980224] [fp_imu_relay]: Relayed 318000 msgs (0 bias-corrected, status=-1)
[INFO] [1777034781.378312713] [fp_imu_relay]: Relayed 320000 msgs (0 bias-corrected, status=-1)
[INFO] [1777034791.414591954] [fp_imu_relay]: Relayed 322000 msgs (0 bias-corrected, status=-1)
[INFO] [1777034801.618083011] [fp_imu_relay]: Relayed 324000 msgs (0 bias-corrected, status=-1)
[INFO] [1777034811.743537520] [fp_imu_relay]: Relayed 326000 msgs (0 bias-corrected, status=-1)
[INFO] [1777034821.770472842] [fp_imu_relay]: Relayed 328000 msgs (0 bias-corrected, status=-1)
[INFO] [1777034831.779901023] [fp_imu_relay]: Relayed 330000 msgs (0 bias-corrected, status=-1)
[INFO] [1777034841.798866485] [fp_imu_relay]: Relayed 332000 msgs (0 bias-corrected, status=-1)
[INFO] [1777034851.798436407] [fp_imu_relay]: Relayed 334000 msgs (0 bias-corrected, status=-1)
[INFO] [1777034861.803410917] [fp_imu_relay]: Relayed 336000 msgs (0 bias-corrected, status=-1)
[INFO] [1777034871.826220954] [fp_imu_relay]: Relayed 338000 msgs (0 bias-corrected, status=-1)
[INFO] [1777034881.837758300] [fp_imu_relay]: Relayed 340000 msgs (0 bias-corrected, status=-1)
[INFO] [1777034891.856096059] [fp_imu_relay]: Relayed 342000 msgs (0 bias-corrected, status=-1)
[INFO] [1777034901.864922112] [fp_imu_relay]: Relayed 344000 msgs (0 bias-corrected, status=-1)
[INFO] [1777034911.880307256] [fp_imu_relay]: Relayed 346000 msgs (0 bias-corrected, status=-1)
[INFO] [1777034921.911263780] [fp_imu_relay]: Relayed 348000 msgs (0 bias-corrected, status=-1)
[INFO] [1777034931.934813072] [fp_imu_relay]: Relayed 350000 msgs (0 bias-corrected, status=-1)
[INFO] [1777034941.949264046] [fp_imu_relay]: Relayed 352000 msgs (0 bias-corrected, status=-1)
[INFO] [1777034951.960494685] [fp_imu_relay]: Relayed 354000 msgs (0 bias-corrected, status=-1)
[INFO] [1777034961.968665417] [fp_imu_relay]: Relayed 356000 msgs (0 bias-corrected, status=-1)
[INFO] [1777034971.964940994] [fp_imu_relay]: Relayed 358000 msgs (0 bias-corrected, status=-1)
[INFO] [1777034981.979448944] [fp_imu_relay]: Relayed 360000 msgs (0 bias-corrected, status=-1)
[INFO] [1777034992.008264895] [fp_imu_relay]: Relayed 362000 msgs (0 bias-corrected, status=-1)
[INFO] [1777035002.029437037] [fp_imu_relay]: Relayed 364000 msgs (0 bias-corrected, status=-1)
[INFO] [1777035012.044102747] [fp_imu_relay]: Relayed 366000 msgs (0 bias-corrected, status=-1)
[INFO] [1777035022.054691120] [fp_imu_relay]: Relayed 368000 msgs (0 bias-corrected, status=-1)
[INFO] [1777035032.069396393] [fp_imu_relay]: Relayed 370000 msgs (0 bias-corrected, status=-1)
[INFO] [1777035042.073291061] [fp_imu_relay]: Relayed 372000 msgs (0 bias-corrected, status=-1)
[INFO] [1777035052.094405463] [fp_imu_relay]: Relayed 374000 msgs (0 bias-corrected, status=-1)
[INFO] [1777035062.109098712] [fp_imu_relay]: Relayed 376000 msgs (0 bias-corrected, status=-1)
[INFO] [1777035072.130833081] [fp_imu_relay]: Relayed 378000 msgs (0 bias-corrected, status=-1)
[INFO] [1777035082.130468439] [fp_imu_relay]: Relayed 380000 msgs (0 bias-corrected, status=-1)
[INFO] [1777035092.136068071] [fp_imu_relay]: Relayed 382000 msgs (0 bias-corrected, status=-1)
[INFO] [1777035102.168805400] [fp_imu_relay]: Relayed 384000 msgs (0 bias-corrected, status=-1)
[INFO] [1777035112.188654121] [fp_imu_relay]: Relayed 386000 msgs (0 bias-corrected, status=-1)
[INFO] [1777035122.193312930] [fp_imu_relay]: Relayed 388000 msgs (0 bias-corrected, status=-1)
[INFO] [1777035132.208798512] [fp_imu_relay]: Relayed 390000 msgs (0 bias-corrected, status=-1)
[INFO] [1777035142.228653488] [fp_imu_relay]: Relayed 392000 msgs (0 bias-corrected, status=-1)
[INFO] [1777035152.243338191] [fp_imu_relay]: Relayed 394000 msgs (0 bias-corrected, status=-1)
[INFO] [1777035162.274727108] [fp_imu_relay]: Relayed 396000 msgs (0 bias-corrected, status=-1)
[INFO] [1777035172.297596220] [fp_imu_relay]: Relayed 398000 msgs (0 bias-corrected, status=-1)
[INFO] [1777035182.308553657] [fp_imu_relay]: Relayed 400000 msgs (0 bias-corrected, status=-1)
[INFO] [1777035192.316835338] [fp_imu_relay]: Relayed 402000 msgs (0 bias-corrected, status=-1)
[INFO] [1777035202.333490136] [fp_imu_relay]: Relayed 404000 msgs (0 bias-corrected, status=-1)
[INFO] [1777035212.348291157] [fp_imu_relay]: Relayed 406000 msgs (0 bias-corrected, status=-1)
[INFO] [1777035222.363701063] [fp_imu_relay]: Relayed 408000 msgs (0 bias-corrected, status=-1)
[INFO] [1777035232.376165020] [fp_imu_relay]: Relayed 410000 msgs (0 bias-corrected, status=-1)
[INFO] [1777035242.394211057] [fp_imu_relay]: Relayed 412000 msgs (0 bias-corrected, status=-1)
[INFO] [1777035252.403414151] [fp_imu_relay]: Relayed 414000 msgs (0 bias-corrected, status=-1)
[INFO] [1777035262.414457846] [fp_imu_relay]: Relayed 416000 msgs (0 bias-corrected, status=-1)
[INFO] [1777035272.431533058] [fp_imu_relay]: Relayed 418000 msgs (0 bias-corrected, status=-1)
[INFO] [1777035282.448719095] [fp_imu_relay]: Relayed 420000 msgs (0 bias-corrected, status=-1)
[INFO] [1777035292.474079657] [fp_imu_relay]: Relayed 422000 msgs (0 bias-corrected, status=-1)
[INFO] [1777035302.484054255] [fp_imu_relay]: Relayed 424000 msgs (0 bias-corrected, status=-1)
[INFO] [1777035312.511956365] [fp_imu_relay]: Relayed 426000 msgs (0 bias-corrected, status=-1)
[INFO] [1777035322.538574013] [fp_imu_relay]: Relayed 428000 msgs (0 bias-corrected, status=-1)
[INFO] [1777035332.563595050] [fp_imu_relay]: Relayed 430000 msgs (0 bias-corrected, status=-1)
[INFO] [1777035342.579433902] [fp_imu_relay]: Relayed 432000 msgs (0 bias-corrected, status=-1)
[INFO] [1777035352.588358016] [fp_imu_relay]: Relayed 434000 msgs (0 bias-corrected, status=-1)
[INFO] [1777035362.605377256] [fp_imu_relay]: Relayed 436000 msgs (0 bias-corrected, status=-1)
[INFO] [1777035372.621370578] [fp_imu_relay]: Relayed 438000 msgs (0 bias-corrected, status=-1)
[INFO] [1777035382.625425799] [fp_imu_relay]: Relayed 440000 msgs (0 bias-corrected, status=-1)
[INFO] [1777035392.623657338] [fp_imu_relay]: Relayed 442000 msgs (0 bias-corrected, status=-1)
[INFO] [1777035402.643865269] [fp_imu_relay]: Relayed 444000 msgs (0 bias-corrected, status=-1)
[INFO] [1777035412.673211953] [fp_imu_relay]: Relayed 446000 msgs (0 bias-corrected, status=-1)
[INFO] [1777035422.683814401] [fp_imu_relay]: Relayed 448000 msgs (0 bias-corrected, status=-1)
[INFO] [1777035432.704828785] [fp_imu_relay]: Relayed 450000 msgs (0 bias-corrected, status=-1)
[INFO] [1777035442.756956354] [fp_imu_relay]: Relayed 452000 msgs (0 bias-corrected, status=-1)
[INFO] [1777035452.754594882] [fp_imu_relay]: Relayed 454000 msgs (0 bias-corrected, status=-1)
[INFO] [1777035462.775292450] [fp_imu_relay]: Relayed 456000 msgs (0 bias-corrected, status=-1)
[INFO] [1777035472.788707349] [fp_imu_relay]: Relayed 458000 msgs (0 bias-corrected, status=-1)
[INFO] [1777035482.798974235] [fp_imu_relay]: Relayed 460000 msgs (0 bias-corrected, status=-1)
[INFO] [1777035492.803928343] [fp_imu_relay]: Relayed 462000 msgs (0 bias-corrected, status=-1)
[INFO] [1777035502.818607880] [fp_imu_relay]: Relayed 464000 msgs (0 bias-corrected, status=-1)
[INFO] [1777035512.829900137] [fp_imu_relay]: Relayed 466000 msgs (0 bias-corrected, status=-1)
[INFO] [1777035522.850634628] [fp_imu_relay]: Relayed 468000 msgs (0 bias-corrected, status=-1)
[INFO] [1777035532.863267501] [fp_imu_relay]: Relayed 470000 msgs (0 bias-corrected, status=-1)
[INFO] [1777035542.874199395] [fp_imu_relay]: Relayed 472000 msgs (0 bias-corrected, status=-1)
[INFO] [1777035552.900080590] [fp_imu_relay]: Relayed 474000 msgs (0 bias-corrected, status=-1)
[INFO] [1777035562.934134917] [fp_imu_relay]: Relayed 476000 msgs (0 bias-corrected, status=-1)
[INFO] [1777035572.950272183] [fp_imu_relay]: Relayed 478000 msgs (0 bias-corrected, status=-1)
[INFO] [1777035582.966114334] [fp_imu_relay]: Relayed 480000 msgs (0 bias-corrected, status=-1)
[INFO] [1777035592.985070755] [fp_imu_relay]: Relayed 482000 msgs (0 bias-corrected, status=-1)
[INFO] [1777035603.018482817] [fp_imu_relay]: Relayed 484000 msgs (0 bias-corrected, status=-1)
[INFO] [1777035613.020655780] [fp_imu_relay]: Relayed 486000 msgs (0 bias-corrected, status=-1)
[INFO] [1777035623.054148565] [fp_imu_relay]: Relayed 488000 msgs (0 bias-corrected, status=-1)
[INFO] [1777035633.061389179] [fp_imu_relay]: Relayed 490000 msgs (0 bias-corrected, status=-1)
[INFO] [1777035643.091962720] [fp_imu_relay]: Relayed 492000 msgs (0 bias-corrected, status=-1)
[INFO] [1777035653.094735271] [fp_imu_relay]: Relayed 494000 msgs (0 bias-corrected, status=-1)
[INFO] [1777035663.099602425] [fp_imu_relay]: Relayed 496000 msgs (0 bias-corrected, status=-1)
[INFO] [1777035673.135032681] [fp_imu_relay]: Relayed 498000 msgs (0 bias-corrected, status=-1)
[INFO] [1777035683.159398307] [fp_imu_relay]: Relayed 500000 msgs (0 bias-corrected, status=-1)
[INFO] [1777035693.179191332] [fp_imu_relay]: Relayed 502000 msgs (0 bias-corrected, status=-1)
[INFO] [1777035703.199475163] [fp_imu_relay]: Relayed 504000 msgs (0 bias-corrected, status=-1)
[INFO] [1777035713.224994187] [fp_imu_relay]: Relayed 506000 msgs (0 bias-corrected, status=-1)
[INFO] [1777035723.233873972] [fp_imu_relay]: Relayed 508000 msgs (0 bias-corrected, status=-1)
[INFO] [1777035733.244032844] [fp_imu_relay]: Relayed 510000 msgs (0 bias-corrected, status=-1)
[INFO] [1777035743.283666078] [fp_imu_relay]: Relayed 512000 msgs (0 bias-corrected, status=-1)
[INFO] [1777035753.288784975] [fp_imu_relay]: Relayed 514000 msgs (0 bias-corrected, status=-1)
[INFO] [1777035763.304138809] [fp_imu_relay]: Relayed 516000 msgs (0 bias-corrected, status=-1)
[INFO] [1777035773.324011669] [fp_imu_relay]: Relayed 518000 msgs (0 bias-corrected, status=-1)
[INFO] [1777035783.344333476] [fp_imu_relay]: Relayed 520000 msgs (0 bias-corrected, status=-1)
[INFO] [1777035793.373871843] [fp_imu_relay]: Relayed 522000 msgs (0 bias-corrected, status=-1)
[INFO] [1777035803.398458965] [fp_imu_relay]: Relayed 524000 msgs (0 bias-corrected, status=-1)
[INFO] [1777035813.433588797] [fp_imu_relay]: Relayed 526000 msgs (0 bias-corrected, status=-1)
[INFO] [1777035823.455469176] [fp_imu_relay]: Relayed 528000 msgs (0 bias-corrected, status=-1)
[INFO] [1777035833.468562146] [fp_imu_relay]: Relayed 530000 msgs (0 bias-corrected, status=-1)
[INFO] [1777035843.478522161] [fp_imu_relay]: Relayed 532000 msgs (0 bias-corrected, status=-1)
[INFO] [1777035853.483588660] [fp_imu_relay]: Relayed 534000 msgs (0 bias-corrected, status=-1)
[INFO] [1777035863.507277176] [fp_imu_relay]: Relayed 536000 msgs (0 bias-corrected, status=-1)
[INFO] [1777035873.524659069] [fp_imu_relay]: Relayed 538000 msgs (0 bias-corrected, status=-1)
[INFO] [1777035883.539188187] [fp_imu_relay]: Relayed 540000 msgs (0 bias-corrected, status=-1)
[INFO] [1777035893.559135645] [fp_imu_relay]: Relayed 542000 msgs (0 bias-corrected, status=-1)
[INFO] [1777035903.570933330] [fp_imu_relay]: Relayed 544000 msgs (0 bias-corrected, status=-1)
[INFO] [1777035913.619170735] [fp_imu_relay]: Relayed 546000 msgs (0 bias-corrected, status=-1)
[INFO] [1777035923.646194415] [fp_imu_relay]: Relayed 548000 msgs (0 bias-corrected, status=-1)
[INFO] [1777035933.667414641] [fp_imu_relay]: Relayed 550000 msgs (0 bias-corrected, status=-1)
[INFO] [1777035943.787065198] [fp_imu_relay]: Relayed 552000 msgs (0 bias-corrected, status=-1)
[INFO] [1777035953.920421091] [fp_imu_relay]: Relayed 554000 msgs (0 bias-corrected, status=-1)
[INFO] [1777035963.921606205] [fp_imu_relay]: Relayed 556000 msgs (0 bias-corrected, status=-1)
[INFO] [1777035973.963762719] [fp_imu_relay]: Relayed 558000 msgs (0 bias-corrected, status=-1)
[INFO] [1777035984.052192776] [fp_imu_relay]: Relayed 560000 msgs (0 bias-corrected, status=-1)
[INFO] [1777035994.121209473] [fp_imu_relay]: Relayed 562000 msgs (0 bias-corrected, status=-1)
[INFO] [1777036004.282101061] [fp_imu_relay]: Relayed 564000 msgs (0 bias-corrected, status=-1)
[INFO] [1777036015.140505714] [fp_imu_relay]: Relayed 566000 msgs (0 bias-corrected, status=-1)
[INFO] [1777036027.239444943] [fp_imu_relay]: Relayed 568000 msgs (0 bias-corrected, status=-1)
[INFO] [1777036039.262443363] [fp_imu_relay]: Relayed 570000 msgs (0 bias-corrected, status=-1)
[INFO] [1777036050.536469868] [fp_imu_relay]: Relayed 572000 msgs (0 bias-corrected, status=-1)
[INFO] [1777036060.858777981] [fp_imu_relay]: Relayed 574000 msgs (0 bias-corrected, status=-1)
[INFO] [1777036070.871733360] [fp_imu_relay]: Relayed 576000 msgs (0 bias-corrected, status=-1)
[INFO] [1777036081.051889732] [fp_imu_relay]: Relayed 578000 msgs (0 bias-corrected, status=-1)
[INFO] [1777036091.123471357] [fp_imu_relay]: Relayed 580000 msgs (0 bias-corrected, status=-1)
[INFO] [1777036101.168351512] [fp_imu_relay]: Relayed 582000 msgs (0 bias-corrected, status=-1)
[INFO] [1777036111.251348689] [fp_imu_relay]: Relayed 584000 msgs (0 bias-corrected, status=-1)
[INFO] [1777036121.545336649] [fp_imu_relay]: Relayed 586000 msgs (0 bias-corrected, status=-1)
[INFO] [1777036131.717562034] [fp_imu_relay]: Relayed 588000 msgs (0 bias-corrected, status=-1)
[INFO] [1777036141.756987893] [fp_imu_relay]: Relayed 590000 msgs (0 bias-corrected, status=-1)
[INFO] [1777036151.794243939] [fp_imu_relay]: Relayed 592000 msgs (0 bias-corrected, status=-1)
[INFO] [1777036161.801883993] [fp_imu_relay]: Relayed 594000 msgs (0 bias-corrected, status=-1)
[INFO] [1777036171.842321018] [fp_imu_relay]: Relayed 596000 msgs (0 bias-corrected, status=-1)
[INFO] [1777036181.940489622] [fp_imu_relay]: Relayed 598000 msgs (0 bias-corrected, status=-1)
[INFO] [1777036191.970161768] [fp_imu_relay]: Relayed 600000 msgs (0 bias-corrected, status=-1)
[INFO] [1777036202.006728398] [fp_imu_relay]: Relayed 602000 msgs (0 bias-corrected, status=-1)
[INFO] [1777036212.051339927] [fp_imu_relay]: Relayed 604000 msgs (0 bias-corrected, status=-1)
[INFO] [1777036222.090973055] [fp_imu_relay]: Relayed 606000 msgs (0 bias-corrected, status=-1)
[INFO] [1777036232.133601938] [fp_imu_relay]: Relayed 608000 msgs (0 bias-corrected, status=-1)
[INFO] [1777036242.151863193] [fp_imu_relay]: Relayed 610000 msgs (0 bias-corrected, status=-1)
[INFO] [1777036252.181421960] [fp_imu_relay]: Relayed 612000 msgs (0 bias-corrected, status=-1)
[INFO] [1777036262.211911143] [fp_imu_relay]: Relayed 614000 msgs (0 bias-corrected, status=-1)
[INFO] [1777036272.234974693] [fp_imu_relay]: Relayed 616000 msgs (0 bias-corrected, status=-1)
[INFO] [1777036282.251863168] [fp_imu_relay]: Relayed 618000 msgs (0 bias-corrected, status=-1)
[INFO] [1777036292.376592378] [fp_imu_relay]: Relayed 620000 msgs (0 bias-corrected, status=-1)
[INFO] [1777036302.391495874] [fp_imu_relay]: Relayed 622000 msgs (0 bias-corrected, status=-1)
[INFO] [1777036312.435968679] [fp_imu_relay]: Relayed 624000 msgs (0 bias-corrected, status=-1)
[INFO] [1777036322.556375545] [fp_imu_relay]: Relayed 626000 msgs (0 bias-corrected, status=-1)
[INFO] [1777036332.617555604] [fp_imu_relay]: Relayed 628000 msgs (0 bias-corrected, status=-1)
[INFO] [1777036342.674660219] [fp_imu_relay]: Relayed 630000 msgs (0 bias-corrected, status=-1)
[INFO] [1777036352.744955828] [fp_imu_relay]: Relayed 632000 msgs (0 bias-corrected, status=-1)
[INFO] [1777036362.866145827] [fp_imu_relay]: Relayed 634000 msgs (0 bias-corrected, status=-1)
[INFO] [1777036372.911119615] [fp_imu_relay]: Relayed 636000 msgs (0 bias-corrected, status=-1)
[INFO] [1777036383.055978326] [fp_imu_relay]: Relayed 638000 msgs (0 bias-corrected, status=-1)
[INFO] [1777036393.092045312] [fp_imu_relay]: Relayed 640000 msgs (0 bias-corrected, status=-1)
[INFO] [1777036403.152271819] [fp_imu_relay]: Relayed 642000 msgs (0 bias-corrected, status=-1)
[INFO] [1777036413.252632339] [fp_imu_relay]: Relayed 644000 msgs (0 bias-corrected, status=-1)
[INFO] [1777036423.457026201] [fp_imu_relay]: Relayed 646000 msgs (0 bias-corrected, status=-1)
[INFO] [1777036433.506150415] [fp_imu_relay]: Relayed 648000 msgs (0 bias-corrected, status=-1)
[INFO] [1777036443.585436591] [fp_imu_relay]: Relayed 650000 msgs (0 bias-corrected, status=-1)
[INFO] [1777036453.670916409] [fp_imu_relay]: Relayed 652000 msgs (0 bias-corrected, status=-1)
[INFO] [1777036463.721331494] [fp_imu_relay]: Relayed 654000 msgs (0 bias-corrected, status=-1)
[INFO] [1777036473.821108761] [fp_imu_relay]: Relayed 656000 msgs (0 bias-corrected, status=-1)
[INFO] [1777036483.860600957] [fp_imu_relay]: Relayed 658000 msgs (0 bias-corrected, status=-1)
[INFO] [1777036493.906545882] [fp_imu_relay]: Relayed 660000 msgs (0 bias-corrected, status=-1)
[INFO] [1777036503.929001739] [fp_imu_relay]: Relayed 662000 msgs (0 bias-corrected, status=-1)
[INFO] [1777036514.067888903] [fp_imu_relay]: Relayed 664000 msgs (0 bias-corrected, status=-1)
[INFO] [1777036524.089555645] [fp_imu_relay]: Relayed 666000 msgs (0 bias-corrected, status=-1)
[INFO] [1777036534.141749001] [fp_imu_relay]: Relayed 668000 msgs (0 bias-corrected, status=-1)
[INFO] [1777036544.183532029] [fp_imu_relay]: Relayed 670000 msgs (0 bias-corrected, status=-1)
[INFO] [1777036554.211408407] [fp_imu_relay]: Relayed 672000 msgs (0 bias-corrected, status=-1)
[INFO] [1777036564.260608829] [fp_imu_relay]: Relayed 674000 msgs (0 bias-corrected, status=-1)
[INFO] [1777036574.327263002] [fp_imu_relay]: Relayed 676000 msgs (0 bias-corrected, status=-1)
[INFO] [1777036584.362210978] [fp_imu_relay]: Relayed 678000 msgs (0 bias-corrected, status=-1)
[INFO] [1777036594.475127380] [fp_imu_relay]: Relayed 680000 msgs (0 bias-corrected, status=-1)
[INFO] [1777036604.519288675] [fp_imu_relay]: Relayed 682000 msgs (0 bias-corrected, status=-1)
[INFO] [1777036614.575004330] [fp_imu_relay]: Relayed 684000 msgs (0 bias-corrected, status=-1)
[INFO] [1777036624.605797704] [fp_imu_relay]: Relayed 686000 msgs (0 bias-corrected, status=-1)
[INFO] [1777036634.635562804] [fp_imu_relay]: Relayed 688000 msgs (0 bias-corrected, status=-1)
[INFO] [1777036644.639755859] [fp_imu_relay]: Relayed 690000 msgs (0 bias-corrected, status=-1)
[INFO] [1777036654.656522690] [fp_imu_relay]: Relayed 692000 msgs (0 bias-corrected, status=-1)
[INFO] [1777036664.703700266] [fp_imu_relay]: Relayed 694000 msgs (0 bias-corrected, status=-1)
[INFO] [1777036674.776692985] [fp_imu_relay]: Relayed 696000 msgs (0 bias-corrected, status=-1)
[INFO] [1777036684.808937522] [fp_imu_relay]: Relayed 698000 msgs (0 bias-corrected, status=-1)
[INFO] [1777036694.895704228] [fp_imu_relay]: Relayed 700000 msgs (0 bias-corrected, status=-1)
[INFO] [1777036704.966208652] [fp_imu_relay]: Relayed 702000 msgs (0 bias-corrected, status=-1)
[INFO] [1777036715.111627864] [fp_imu_relay]: Relayed 704000 msgs (0 bias-corrected, status=-1)
[INFO] [1777036725.192592064] [fp_imu_relay]: Relayed 706000 msgs (0 bias-corrected, status=-1)
[INFO] [1777036735.323621614] [fp_imu_relay]: Relayed 708000 msgs (0 bias-corrected, status=-1)
[INFO] [1777036745.350281759] [fp_imu_relay]: Relayed 710000 msgs (0 bias-corrected, status=-1)
[INFO] [1777036755.713241298] [fp_imu_relay]: Relayed 712000 msgs (0 bias-corrected, status=-1)
[INFO] [1777036765.842811574] [fp_imu_relay]: Relayed 714000 msgs (0 bias-corrected, status=-1)
[INFO] [1777036775.960676947] [fp_imu_relay]: Relayed 716000 msgs (0 bias-corrected, status=-1)
[INFO] [1777036786.761987825] [fp_imu_relay]: Relayed 718000 msgs (0 bias-corrected, status=-1)
[INFO] [1777036796.858682147] [fp_imu_relay]: Relayed 720000 msgs (0 bias-corrected, status=-1)
[INFO] [1777036806.946394063] [fp_imu_relay]: Relayed 722000 msgs (0 bias-corrected, status=-1)
[INFO] [1777036816.984975244] [fp_imu_relay]: Relayed 724000 msgs (0 bias-corrected, status=-1)
[INFO] [1777036827.033438754] [fp_imu_relay]: Relayed 726000 msgs (0 bias-corrected, status=-1)
[INFO] [1777036837.216603372] [fp_imu_relay]: Relayed 728000 msgs (0 bias-corrected, status=-1)
[INFO] [1777036847.372203874] [fp_imu_relay]: Relayed 730000 msgs (0 bias-corrected, status=-1)
[INFO] [1777036857.446758880] [fp_imu_relay]: Relayed 732000 msgs (0 bias-corrected, status=-1)
[INFO] [1777036867.535944350] [fp_imu_relay]: Relayed 734000 msgs (0 bias-corrected, status=-1)
[INFO] [1777036877.602416742] [fp_imu_relay]: Relayed 736000 msgs (0 bias-corrected, status=-1)
[INFO] [1777036887.712080474] [fp_imu_relay]: Relayed 738000 msgs (0 bias-corrected, status=-1)
[INFO] [1777036897.735036478] [fp_imu_relay]: Relayed 740000 msgs (0 bias-corrected, status=-1)
[INFO] [1777036907.771512795] [fp_imu_relay]: Relayed 742000 msgs (0 bias-corrected, status=-1)
[INFO] [1777036917.820598466] [fp_imu_relay]: Relayed 744000 msgs (0 bias-corrected, status=-1)
[INFO] [1777036927.866853847] [fp_imu_relay]: Relayed 746000 msgs (0 bias-corrected, status=-1)
[INFO] [1777036937.941246183] [fp_imu_relay]: Relayed 748000 msgs (0 bias-corrected, status=-1)
[INFO] [1777036947.983874604] [fp_imu_relay]: Relayed 750000 msgs (0 bias-corrected, status=-1)
[INFO] [1777036958.087926526] [fp_imu_relay]: Relayed 752000 msgs (0 bias-corrected, status=-1)
[INFO] [1777036968.165248703] [fp_imu_relay]: Relayed 754000 msgs (0 bias-corrected, status=-1)
[INFO] [1777036978.316668628] [fp_imu_relay]: Relayed 756000 msgs (0 bias-corrected, status=-1)
[INFO] [1777036988.406749323] [fp_imu_relay]: Relayed 758000 msgs (0 bias-corrected, status=-1)
[INFO] [1777036998.465470978] [fp_imu_relay]: Relayed 760000 msgs (0 bias-corrected, status=-1)
[INFO] [1777037008.591276925] [fp_imu_relay]: Relayed 762000 msgs (0 bias-corrected, status=-1)
[INFO] [1777037018.679803447] [fp_imu_relay]: Relayed 764000 msgs (0 bias-corrected, status=-1)
[INFO] [1777037028.756001229] [fp_imu_relay]: Relayed 766000 msgs (0 bias-corrected, status=-1)
[INFO] [1777037038.792111123] [fp_imu_relay]: Relayed 768000 msgs (0 bias-corrected, status=-1)
[INFO] [1777037048.840763589] [fp_imu_relay]: Relayed 770000 msgs (0 bias-corrected, status=-1)
[INFO] [1777037058.876632401] [fp_imu_relay]: Relayed 772000 msgs (0 bias-corrected, status=-1)
[INFO] [1777037068.916601202] [fp_imu_relay]: Relayed 774000 msgs (0 bias-corrected, status=-1)
[INFO] [1777037079.176768790] [fp_imu_relay]: Relayed 776000 msgs (0 bias-corrected, status=-1)
[INFO] [1777037089.643727155] [fp_imu_relay]: Relayed 778000 msgs (0 bias-corrected, status=-1)
[INFO] [1777037099.723872167] [fp_imu_relay]: Relayed 780000 msgs (0 bias-corrected, status=-1)
[INFO] [1777037109.807973655] [fp_imu_relay]: Relayed 782000 msgs (0 bias-corrected, status=-1)
[INFO] [1777037119.853731129] [fp_imu_relay]: Relayed 784000 msgs (0 bias-corrected, status=-1)
[INFO] [1777037129.996227561] [fp_imu_relay]: Relayed 786000 msgs (0 bias-corrected, status=-1)
[INFO] [1777037140.029685932] [fp_imu_relay]: Relayed 788000 msgs (0 bias-corrected, status=-1)
[INFO] [1777037150.054683365] [fp_imu_relay]: Relayed 790000 msgs (0 bias-corrected, status=-1)
[INFO] [1777037160.156657785] [fp_imu_relay]: Relayed 792000 msgs (0 bias-corrected, status=-1)
[INFO] [1777037170.206350577] [fp_imu_relay]: Relayed 794000 msgs (0 bias-corrected, status=-1)
[INFO] [1777037180.275848932] [fp_imu_relay]: Relayed 796000 msgs (0 bias-corrected, status=-1)
[INFO] [1777037190.412896627] [fp_imu_relay]: Relayed 798000 msgs (0 bias-corrected, status=-1)
[INFO] [1777037200.575507901] [fp_imu_relay]: Relayed 800000 msgs (0 bias-corrected, status=-1)
[INFO] [1777037210.615686618] [fp_imu_relay]: Relayed 802000 msgs (0 bias-corrected, status=-1)
[INFO] [1777037220.901949071] [fp_imu_relay]: Relayed 804000 msgs (0 bias-corrected, status=-1)
[INFO] [1777037230.937509156] [fp_imu_relay]: Relayed 806000 msgs (0 bias-corrected, status=-1)
[INFO] [1777037240.982289576] [fp_imu_relay]: Relayed 808000 msgs (0 bias-corrected, status=-1)
[INFO] [1777037251.102820130] [fp_imu_relay]: Relayed 810000 msgs (0 bias-corrected, status=-1)
[INFO] [1777037261.611928789] [fp_imu_relay]: Relayed 812000 msgs (0 bias-corrected, status=-1)
[INFO] [1777037271.666860494] [fp_imu_relay]: Relayed 814000 msgs (0 bias-corrected, status=-1)
[INFO] [1777037282.101148822] [fp_imu_relay]: Relayed 816000 msgs (0 bias-corrected, status=-1)
[INFO] [1777037292.261036116] [fp_imu_relay]: Relayed 818000 msgs (0 bias-corrected, status=-1)
[INFO] [1777037302.416947461] [fp_imu_relay]: Relayed 820000 msgs (0 bias-corrected, status=-1)
[INFO] [1777037312.572095671] [fp_imu_relay]: Relayed 822000 msgs (0 bias-corrected, status=-1)
[INFO] [1777037322.892990351] [fp_imu_relay]: Relayed 824000 msgs (0 bias-corrected, status=-1)
[INFO] [1777037333.204366471] [fp_imu_relay]: Relayed 826000 msgs (0 bias-corrected, status=-1)
[INFO] [1777037343.221615517] [fp_imu_relay]: Relayed 828000 msgs (0 bias-corrected, status=-1)
[INFO] [1777037353.476778129] [fp_imu_relay]: Relayed 830000 msgs (0 bias-corrected, status=-1)
[INFO] [1777037363.601359981] [fp_imu_relay]: Relayed 832000 msgs (0 bias-corrected, status=-1)
[INFO] [1777037373.816696739] [fp_imu_relay]: Relayed 834000 msgs (0 bias-corrected, status=-1)
[INFO] [1777037383.907855592] [fp_imu_relay]: Relayed 836000 msgs (0 bias-corrected, status=-1)
[INFO] [1777037393.981951674] [fp_imu_relay]: Relayed 838000 msgs (0 bias-corrected, status=-1)
[INFO] [1777037404.007033033] [fp_imu_relay]: Relayed 840000 msgs (0 bias-corrected, status=-1)
[INFO] [1777037414.052383001] [fp_imu_relay]: Relayed 842000 msgs (0 bias-corrected, status=-1)
[INFO] [1777037424.163103128] [fp_imu_relay]: Relayed 844000 msgs (0 bias-corrected, status=-1)
[INFO] [1777037434.272780207] [fp_imu_relay]: Relayed 846000 msgs (0 bias-corrected, status=-1)
[INFO] [1777037444.297995597] [fp_imu_relay]: Relayed 848000 msgs (0 bias-corrected, status=-1)
[INFO] [1777037454.318343599] [fp_imu_relay]: Relayed 850000 msgs (0 bias-corrected, status=-1)
[INFO] [1777037464.372661262] [fp_imu_relay]: Relayed 852000 msgs (0 bias-corrected, status=-1)
[INFO] [1777037474.525282133] [fp_imu_relay]: Relayed 854000 msgs (0 bias-corrected, status=-1)
[INFO] [1777037484.721899385] [fp_imu_relay]: Relayed 856000 msgs (0 bias-corrected, status=-1)
[INFO] [1777037494.800988666] [fp_imu_relay]: Relayed 858000 msgs (0 bias-corrected, status=-1)
[INFO] [1777037504.929517794] [fp_imu_relay]: Relayed 860000 msgs (0 bias-corrected, status=-1)
[INFO] [1777037515.018864614] [fp_imu_relay]: Relayed 862000 msgs (0 bias-corrected, status=-1)
[INFO] [1777037525.177410657] [fp_imu_relay]: Relayed 864000 msgs (0 bias-corrected, status=-1)
[INFO] [1777037535.227085025] [fp_imu_relay]: Relayed 866000 msgs (0 bias-corrected, status=-1)
[INFO] [1777037545.255419534] [fp_imu_relay]: Relayed 868000 msgs (0 bias-corrected, status=-1)
[INFO] [1777037555.299398127] [fp_imu_relay]: Relayed 870000 msgs (0 bias-corrected, status=-1)
[INFO] [1777037565.372974757] [fp_imu_relay]: Relayed 872000 msgs (0 bias-corrected, status=-1)
[INFO] [1777037575.388434775] [fp_imu_relay]: Relayed 874000 msgs (0 bias-corrected, status=-1)
[INFO] [1777037585.492738654] [fp_imu_relay]: Relayed 876000 msgs (0 bias-corrected, status=-1)
[INFO] [1777037595.549548843] [fp_imu_relay]: Relayed 878000 msgs (0 bias-corrected, status=-1)
[INFO] [1777037605.586819446] [fp_imu_relay]: Relayed 880000 msgs (0 bias-corrected, status=-1)
[INFO] [1777037615.623043902] [fp_imu_relay]: Relayed 882000 msgs (0 bias-corrected, status=-1)
[INFO] [1777037625.683461127] [fp_imu_relay]: Relayed 884000 msgs (0 bias-corrected, status=-1)
[INFO] [1777037635.764525311] [fp_imu_relay]: Relayed 886000 msgs (0 bias-corrected, status=-1)
[INFO] [1777037645.819529772] [fp_imu_relay]: Relayed 888000 msgs (0 bias-corrected, status=-1)
[INFO] [1777037655.843114529] [fp_imu_relay]: Relayed 890000 msgs (0 bias-corrected, status=-1)
[INFO] [1777037665.905907629] [fp_imu_relay]: Relayed 892000 msgs (0 bias-corrected, status=-1)
[INFO] [1777037675.989374804] [fp_imu_relay]: Relayed 894000 msgs (0 bias-corrected, status=-1)
[INFO] [1777037686.078438062] [fp_imu_relay]: Relayed 896000 msgs (0 bias-corrected, status=-1)
[INFO] [1777037696.174034802] [fp_imu_relay]: Relayed 898000 msgs (0 bias-corrected, status=-1)
[INFO] [1777037706.197068684] [fp_imu_relay]: Relayed 900000 msgs (0 bias-corrected, status=-1)
[INFO] [1777037716.246100377] [fp_imu_relay]: Relayed 902000 msgs (0 bias-corrected, status=-1)
[INFO] [1777037726.367467259] [fp_imu_relay]: Relayed 904000 msgs (0 bias-corrected, status=-1)
[INFO] [1777037736.392180222] [fp_imu_relay]: Relayed 906000 msgs (0 bias-corrected, status=-1)
[INFO] [1777037746.442767502] [fp_imu_relay]: Relayed 908000 msgs (0 bias-corrected, status=-1)
[INFO] [1777037756.523622811] [fp_imu_relay]: Relayed 910000 msgs (0 bias-corrected, status=-1)
[INFO] [1777037766.586878632] [fp_imu_relay]: Relayed 912000 msgs (0 bias-corrected, status=-1)
[INFO] [1777037776.682848050] [fp_imu_relay]: Relayed 914000 msgs (0 bias-corrected, status=-1)
[INFO] [1777037786.717520254] [fp_imu_relay]: Relayed 916000 msgs (0 bias-corrected, status=-1)
[INFO] [1777037796.752393054] [fp_imu_relay]: Relayed 918000 msgs (0 bias-corrected, status=-1)
[INFO] [1777037806.800645788] [fp_imu_relay]: Relayed 920000 msgs (0 bias-corrected, status=-1)
[INFO] [1777037816.822980035] [fp_imu_relay]: Relayed 922000 msgs (0 bias-corrected, status=-1)
[INFO] [1777037826.917539620] [fp_imu_relay]: Relayed 924000 msgs (0 bias-corrected, status=-1)
[INFO] [1777037836.974189721] [fp_imu_relay]: Relayed 926000 msgs (0 bias-corrected, status=-1)
[INFO] [1777037847.017199748] [fp_imu_relay]: Relayed 928000 msgs (0 bias-corrected, status=-1)
[INFO] [1777037857.097955299] [fp_imu_relay]: Relayed 930000 msgs (0 bias-corrected, status=-1)
[INFO] [1777037867.166948292] [fp_imu_relay]: Relayed 932000 msgs (0 bias-corrected, status=-1)
[INFO] [1777037877.217306623] [fp_imu_relay]: Relayed 934000 msgs (0 bias-corrected, status=-1)
[INFO] [1777037887.225631523] [fp_imu_relay]: Relayed 936000 msgs (0 bias-corrected, status=-1)
[INFO] [1777037897.306982214] [fp_imu_relay]: Relayed 938000 msgs (0 bias-corrected, status=-1)
[INFO] [1777037907.602268642] [fp_imu_relay]: Relayed 940000 msgs (0 bias-corrected, status=-1)
[INFO] [1777037917.716595948] [fp_imu_relay]: Relayed 942000 msgs (0 bias-corrected, status=-1)
[INFO] [1777037927.791222097] [fp_imu_relay]: Relayed 944000 msgs (0 bias-corrected, status=-1)
[INFO] [1777037937.835393247] [fp_imu_relay]: Relayed 946000 msgs (0 bias-corrected, status=-1)
[INFO] [1777037947.871517246] [fp_imu_relay]: Relayed 948000 msgs (0 bias-corrected, status=-1)
[INFO] [1777037957.915423026] [fp_imu_relay]: Relayed 950000 msgs (0 bias-corrected, status=-1)
[INFO] [1777037967.945736198] [fp_imu_relay]: Relayed 952000 msgs (0 bias-corrected, status=-1)
[INFO] [1777037977.980665074] [fp_imu_relay]: Relayed 954000 msgs (0 bias-corrected, status=-1)
[INFO] [1777037988.044476732] [fp_imu_relay]: Relayed 956000 msgs (0 bias-corrected, status=-1)
[INFO] [1777037998.085936221] [fp_imu_relay]: Relayed 958000 msgs (0 bias-corrected, status=-1)
[INFO] [1777038008.121847312] [fp_imu_relay]: Relayed 960000 msgs (0 bias-corrected, status=-1)
[INFO] [1777038018.211527576] [fp_imu_relay]: Relayed 962000 msgs (0 bias-corrected, status=-1)
[INFO] [1777038028.259462910] [fp_imu_relay]: Relayed 964000 msgs (0 bias-corrected, status=-1)
[INFO] [1777038038.285674986] [fp_imu_relay]: Relayed 966000 msgs (0 bias-corrected, status=-1)
[INFO] [1777038048.359120365] [fp_imu_relay]: Relayed 968000 msgs (0 bias-corrected, status=-1)
[INFO] [1777038058.397059318] [fp_imu_relay]: Relayed 970000 msgs (0 bias-corrected, status=-1)
[INFO] [1777038068.441629048] [fp_imu_relay]: Relayed 972000 msgs (0 bias-corrected, status=-1)
[INFO] [1777038078.470858607] [fp_imu_relay]: Relayed 974000 msgs (0 bias-corrected, status=-1)
[INFO] [1777038088.521611358] [fp_imu_relay]: Relayed 976000 msgs (0 bias-corrected, status=-1)
[INFO] [1777038098.556356187] [fp_imu_relay]: Relayed 978000 msgs (0 bias-corrected, status=-1)
[INFO] [1777038108.597198442] [fp_imu_relay]: Relayed 980000 msgs (0 bias-corrected, status=-1)
[INFO] [1777038118.716930253] [fp_imu_relay]: Relayed 982000 msgs (0 bias-corrected, status=-1)
[INFO] [1777038128.899246980] [fp_imu_relay]: Relayed 984000 msgs (0 bias-corrected, status=-1)
[INFO] [1777038139.188460159] [fp_imu_relay]: Relayed 986000 msgs (0 bias-corrected, status=-1)
[INFO] [1777038149.232178470] [fp_imu_relay]: Relayed 988000 msgs (0 bias-corrected, status=-1)
[INFO] [1777038159.341226696] [fp_imu_relay]: Relayed 990000 msgs (0 bias-corrected, status=-1)
[INFO] [1777038169.429470240] [fp_imu_relay]: Relayed 992000 msgs (0 bias-corrected, status=-1)
[INFO] [1777038179.472141502] [fp_imu_relay]: Relayed 994000 msgs (0 bias-corrected, status=-1)
[INFO] [1777038189.686403081] [fp_imu_relay]: Relayed 996000 msgs (0 bias-corrected, status=-1)
[INFO] [1777038200.037271755] [fp_imu_relay]: Relayed 998000 msgs (0 bias-corrected, status=-1)
[INFO] [1777038210.040456281] [fp_imu_relay]: Relayed 1000000 msgs (0 bias-corrected, status=-1)
[INFO] [1777038220.157379853] [fp_imu_relay]: Relayed 1002000 msgs (0 bias-corrected, status=-1)
[INFO] [1777038230.187625908] [fp_imu_relay]: Relayed 1004000 msgs (0 bias-corrected, status=-1)
[INFO] [1777038240.216111166] [fp_imu_relay]: Relayed 1006000 msgs (0 bias-corrected, status=-1)
[INFO] [1777038250.239765730] [fp_imu_relay]: Relayed 1008000 msgs (0 bias-corrected, status=-1)
[INFO] [1777038260.378695862] [fp_imu_relay]: Relayed 1010000 msgs (0 bias-corrected, status=-1)
[INFO] [1777038270.408350520] [fp_imu_relay]: Relayed 1012000 msgs (0 bias-corrected, status=-1)
[INFO] [1777038280.457334966] [fp_imu_relay]: Relayed 1014000 msgs (0 bias-corrected, status=-1)
[INFO] [1777038290.584616912] [fp_imu_relay]: Relayed 1016000 msgs (0 bias-corrected, status=-1)
[INFO] [1777038300.612574493] [fp_imu_relay]: Relayed 1018000 msgs (0 bias-corrected, status=-1)
[INFO] [1777038310.744357268] [fp_imu_relay]: Relayed 1020000 msgs (0 bias-corrected, status=-1)
[INFO] [1777038320.757536862] [fp_imu_relay]: Relayed 1022000 msgs (0 bias-corrected, status=-1)
[INFO] [1777038330.796003988] [fp_imu_relay]: Relayed 1024000 msgs (0 bias-corrected, status=-1)
[INFO] [1777038340.904577881] [fp_imu_relay]: Relayed 1026000 msgs (0 bias-corrected, status=-1)
[INFO] [1777038350.923179216] [fp_imu_relay]: Relayed 1028000 msgs (0 bias-corrected, status=-1)
[INFO] [1777038360.951135772] [fp_imu_relay]: Relayed 1030000 msgs (0 bias-corrected, status=-1)
[INFO] [1777038371.245607079] [fp_imu_relay]: Relayed 1032000 msgs (0 bias-corrected, status=-1)
[INFO] [1777038381.257658170] [fp_imu_relay]: Relayed 1034000 msgs (0 bias-corrected, status=-1)
[INFO] [1777038391.297673147] [fp_imu_relay]: Relayed 1036000 msgs (0 bias-corrected, status=-1)
[INFO] [1777038401.400056751] [fp_imu_relay]: Relayed 1038000 msgs (0 bias-corrected, status=-1)
[INFO] [1777038411.451849790] [fp_imu_relay]: Relayed 1040000 msgs (0 bias-corrected, status=-1)
[INFO] [1777038421.491867767] [fp_imu_relay]: Relayed 1042000 msgs (0 bias-corrected, status=-1)
[INFO] [1777038431.550978109] [fp_imu_relay]: Relayed 1044000 msgs (0 bias-corrected, status=-1)
[INFO] [1777038441.593840753] [fp_imu_relay]: Relayed 1046000 msgs (0 bias-corrected, status=-1)
[INFO] [1777038451.662555791] [fp_imu_relay]: Relayed 1048000 msgs (0 bias-corrected, status=-1)
[INFO] [1777038461.702087483] [fp_imu_relay]: Relayed 1050000 msgs (0 bias-corrected, status=-1)
[INFO] [1777038471.793184409] [fp_imu_relay]: Relayed 1052000 msgs (0 bias-corrected, status=-1)
[INFO] [1777038482.076554407] [fp_imu_relay]: Relayed 1054000 msgs (0 bias-corrected, status=-1)
[INFO] [1777038492.106680888] [fp_imu_relay]: Relayed 1056000 msgs (0 bias-corrected, status=-1)
[INFO] [1777038502.139258537] [fp_imu_relay]: Relayed 1058000 msgs (0 bias-corrected, status=-1)
[INFO] [1777038512.175039789] [fp_imu_relay]: Relayed 1060000 msgs (0 bias-corrected, status=-1)
[INFO] [1777038522.210606392] [fp_imu_relay]: Relayed 1062000 msgs (0 bias-corrected, status=-1)
[INFO] [1777038532.239251060] [fp_imu_relay]: Relayed 1064000 msgs (0 bias-corrected, status=-1)
[INFO] [1777038542.274856354] [fp_imu_relay]: Relayed 1066000 msgs (0 bias-corrected, status=-1)
[INFO] [1777038552.320952180] [fp_imu_relay]: Relayed 1068000 msgs (0 bias-corrected, status=-1)
[INFO] [1777038562.491129739] [fp_imu_relay]: Relayed 1070000 msgs (0 bias-corrected, status=-1)
[INFO] [1777038572.538324435] [fp_imu_relay]: Relayed 1072000 msgs (0 bias-corrected, status=-1)
[INFO] [1777038582.586239974] [fp_imu_relay]: Relayed 1074000 msgs (0 bias-corrected, status=-1)
[INFO] [1777038592.688179108] [fp_imu_relay]: Relayed 1076000 msgs (0 bias-corrected, status=-1)
[INFO] [1777038602.721662473] [fp_imu_relay]: Relayed 1078000 msgs (0 bias-corrected, status=-1)
[INFO] [1777038612.768327141] [fp_imu_relay]: Relayed 1080000 msgs (0 bias-corrected, status=-1)
[INFO] [1777038622.821239172] [fp_imu_relay]: Relayed 1082000 msgs (0 bias-corrected, status=-1)
[INFO] [1777038632.878240449] [fp_imu_relay]: Relayed 1084000 msgs (0 bias-corrected, status=-1)
[INFO] [1777038642.942238305] [fp_imu_relay]: Relayed 1086000 msgs (0 bias-corrected, status=-1)
[INFO] [1777038652.953079985] [fp_imu_relay]: Relayed 1088000 msgs (0 bias-corrected, status=-1)
[INFO] [1777038662.998406737] [fp_imu_relay]: Relayed 1090000 msgs (0 bias-corrected, status=-1)
[INFO] [1777038673.056373976] [fp_imu_relay]: Relayed 1092000 msgs (0 bias-corrected, status=-1)
[INFO] [1777038683.219248485] [fp_imu_relay]: Relayed 1094000 msgs (0 bias-corrected, status=-1)
[INFO] [1777038693.407177980] [fp_imu_relay]: Relayed 1096000 msgs (0 bias-corrected, status=-1)
[INFO] [1777038703.419162026] [fp_imu_relay]: Relayed 1098000 msgs (0 bias-corrected, status=-1)
[INFO] [1777038713.436659398] [fp_imu_relay]: Relayed 1100000 msgs (0 bias-corrected, status=-1)
[INFO] [1777038723.471638152] [fp_imu_relay]: Relayed 1102000 msgs (0 bias-corrected, status=-1)
[INFO] [1777038733.533663624] [fp_imu_relay]: Relayed 1104000 msgs (0 bias-corrected, status=-1)
[INFO] [1777038743.566524428] [fp_imu_relay]: Relayed 1106000 msgs (0 bias-corrected, status=-1)
[INFO] [1777038753.655898739] [fp_imu_relay]: Relayed 1108000 msgs (0 bias-corrected, status=-1)
[INFO] [1777038763.724031687] [fp_imu_relay]: Relayed 1110000 msgs (0 bias-corrected, status=-1)
[INFO] [1777038773.771406940] [fp_imu_relay]: Relayed 1112000 msgs (0 bias-corrected, status=-1)
[INFO] [1777038783.806331898] [fp_imu_relay]: Relayed 1114000 msgs (0 bias-corrected, status=-1)
[INFO] [1777038793.861217207] [fp_imu_relay]: Relayed 1116000 msgs (0 bias-corrected, status=-1)
[INFO] [1777038803.942595377] [fp_imu_relay]: Relayed 1118000 msgs (0 bias-corrected, status=-1)
[INFO] [1777038813.955286616] [fp_imu_relay]: Relayed 1120000 msgs (0 bias-corrected, status=-1)
[INFO] [1777038823.949683402] [fp_imu_relay]: Relayed 1122000 msgs (0 bias-corrected, status=-1)
[INFO] [1777038833.983402764] [fp_imu_relay]: Relayed 1124000 msgs (0 bias-corrected, status=-1)
[INFO] [1777038844.012092540] [fp_imu_relay]: Relayed 1126000 msgs (0 bias-corrected, status=-1)
[INFO] [1777038854.081801548] [fp_imu_relay]: Relayed 1128000 msgs (0 bias-corrected, status=-1)
[INFO] [1777038864.085138214] [fp_imu_relay]: Relayed 1130000 msgs (0 bias-corrected, status=-1)
[INFO] [1777038874.098509737] [fp_imu_relay]: Relayed 1132000 msgs (0 bias-corrected, status=-1)
[INFO] [1777038884.153207645] [fp_imu_relay]: Relayed 1134000 msgs (0 bias-corrected, status=-1)
[INFO] [1777038894.195488176] [fp_imu_relay]: Relayed 1136000 msgs (0 bias-corrected, status=-1)
[INFO] [1777038904.248071418] [fp_imu_relay]: Relayed 1138000 msgs (0 bias-corrected, status=-1)
[INFO] [1777038914.275188108] [fp_imu_relay]: Relayed 1140000 msgs (0 bias-corrected, status=-1)
[INFO] [1777038924.498972919] [fp_imu_relay]: Relayed 1142000 msgs (0 bias-corrected, status=-1)
[INFO] [1777038934.556502105] [fp_imu_relay]: Relayed 1144000 msgs (0 bias-corrected, status=-1)
[INFO] [1777038944.596546333] [fp_imu_relay]: Relayed 1146000 msgs (0 bias-corrected, status=-1)
[INFO] [1777038954.626803989] [fp_imu_relay]: Relayed 1148000 msgs (0 bias-corrected, status=-1)
[INFO] [1777038964.650733253] [fp_imu_relay]: Relayed 1150000 msgs (0 bias-corrected, status=-1)
[INFO] [1777038974.778226507] [fp_imu_relay]: Relayed 1152000 msgs (0 bias-corrected, status=-1)
[INFO] [1777038984.813914397] [fp_imu_relay]: Relayed 1154000 msgs (0 bias-corrected, status=-1)
[INFO] [1777038994.857035619] [fp_imu_relay]: Relayed 1156000 msgs (0 bias-corrected, status=-1)
[INFO] [1777039004.882344163] [fp_imu_relay]: Relayed 1158000 msgs (0 bias-corrected, status=-1)
[INFO] [1777039014.927096643] [fp_imu_relay]: Relayed 1160000 msgs (0 bias-corrected, status=-1)
[INFO] [1777039025.011744852] [fp_imu_relay]: Relayed 1162000 msgs (0 bias-corrected, status=-1)
[INFO] [1777039035.026689614] [fp_imu_relay]: Relayed 1164000 msgs (0 bias-corrected, status=-1)
[INFO] [1777039045.057514735] [fp_imu_relay]: Relayed 1166000 msgs (0 bias-corrected, status=-1)
[INFO] [1777039055.116947868] [fp_imu_relay]: Relayed 1168000 msgs (0 bias-corrected, status=-1)
[INFO] [1777039065.182815229] [fp_imu_relay]: Relayed 1170000 msgs (0 bias-corrected, status=-1)
[INFO] [1777039075.196359953] [fp_imu_relay]: Relayed 1172000 msgs (0 bias-corrected, status=-1)
[INFO] [1777039085.246397782] [fp_imu_relay]: Relayed 1174000 msgs (0 bias-corrected, status=-1)
[INFO] [1777039095.327588479] [fp_imu_relay]: Relayed 1176000 msgs (0 bias-corrected, status=-1)
[INFO] [1777039105.351845251] [fp_imu_relay]: Relayed 1178000 msgs (0 bias-corrected, status=-1)
[INFO] [1777039115.372008750] [fp_imu_relay]: Relayed 1180000 msgs (0 bias-corrected, status=-1)
[INFO] [1777039125.390995820] [fp_imu_relay]: Relayed 1182000 msgs (0 bias-corrected, status=-1)
[INFO] [1777039135.446361989] [fp_imu_relay]: Relayed 1184000 msgs (0 bias-corrected, status=-1)
[INFO] [1777039145.447397204] [fp_imu_relay]: Relayed 1186000 msgs (0 bias-corrected, status=-1)
[INFO] [1777039155.465927283] [fp_imu_relay]: Relayed 1188000 msgs (0 bias-corrected, status=-1)
[INFO] [1777039165.478294592] [fp_imu_relay]: Relayed 1190000 msgs (0 bias-corrected, status=-1)
[INFO] [1777039175.588622117] [fp_imu_relay]: Relayed 1192000 msgs (0 bias-corrected, status=-1)
[INFO] [1777039185.693878044] [fp_imu_relay]: Relayed 1194000 msgs (0 bias-corrected, status=-1)
[INFO] [1777039196.023617111] [fp_imu_relay]: Relayed 1196000 msgs (0 bias-corrected, status=-1)
[INFO] [1777039206.519544779] [fp_imu_relay]: Relayed 1198000 msgs (0 bias-corrected, status=-1)
[INFO] [1777039216.897109971] [fp_imu_relay]: Relayed 1200000 msgs (0 bias-corrected, status=-1)
[INFO] [1777039227.045426698] [fp_imu_relay]: Relayed 1202000 msgs (0 bias-corrected, status=-1)
[INFO] [1777039237.226442060] [fp_imu_relay]: Relayed 1204000 msgs (0 bias-corrected, status=-1)
[INFO] [1777039247.304108907] [fp_imu_relay]: Relayed 1206000 msgs (0 bias-corrected, status=-1)
[INFO] [1777039257.475784968] [fp_imu_relay]: Relayed 1208000 msgs (0 bias-corrected, status=-1)
[INFO] [1777039268.068347143] [fp_imu_relay]: Relayed 1210000 msgs (0 bias-corrected, status=-1)
[INFO] [1777039278.155975327] [fp_imu_relay]: Relayed 1212000 msgs (0 bias-corrected, status=-1)
[INFO] [1777039280.692454928] [fp_imu_relay]: Shutting down — relayed 1212504 IMU, 61151 GPS msgs
Failed to publish log message to rosout: publisher's context is invalid, at ./src/rcl/publisher.c:389
Traceback (most recent call last):
  File "/root/ros2_ws/install/lio_slam/share/lio_slam/tools/fp_imu_relay.py", line 209, in <module>
    main()
  File "/root/ros2_ws/install/lio_slam/share/lio_slam/tools/fp_imu_relay.py", line 196, in main
    rclpy.spin(node)
  File "/opt/ros/humble/local/lib/python3.10/dist-packages/rclpy/__init__.py", line 229, in spin
    executor.spin_once()
  File "/opt/ros/humble/local/lib/python3.10/dist-packages/rclpy/executors.py", line 808, in spin_once
    self._spin_once_impl(timeout_sec)
  File "/opt/ros/humble/local/lib/python3.10/dist-packages/rclpy/executors.py", line 797, in _spin_once_impl
    handler, entity, node = self.wait_for_ready_callbacks(timeout_sec=timeout_sec)
  File "/opt/ros/humble/local/lib/python3.10/dist-packages/rclpy/executors.py", line 780, in wait_for_ready_callbacks
    return next(self._cb_iter)
  File "/opt/ros/humble/local/lib/python3.10/dist-packages/rclpy/executors.py", line 653, in _wait_for_ready_callbacks
    wait_set = _rclpy.WaitSet(
rclpy._rclpy_pybind11.RCLError: failed to initialize wait set: the given context is not valid, either rcl_init() was not called or rcl_shutdown() was called., at ./src/rcl/wait.c:130
