[INFO] [1777033168.262832907] [ecef_to_enu_bridge]: EcefToEnuBridge: /fixposition/odometry_ecef -> /odometry/gps
[INFO] [1777033168.267966563] [ecef_to_enu_bridge]: ECEF ref: [-429806.8, 5138918.0, 3745904.7]
[INFO] [1777033168.270381869] [ecef_to_enu_bridge]: ENU: [0.000, 0.000, 0.000]
[INFO] [1777033188.230720542] [ecef_to_enu_bridge]: ENU: [-0.005, 0.002, 0.001]
[INFO] [1777033208.228278295] [ecef_to_enu_bridge]: ENU: [0.002, -0.003, 0.001]
[INFO] [1777033228.231407580] [ecef_to_enu_bridge]: ENU: [-0.001, 0.000, 0.003]
[INFO] [1777033248.232622727] [ecef_to_enu_bridge]: ENU: [0.009, -0.008, 0.002]
[INFO] [1777033268.230333804] [ecef_to_enu_bridge]: ENU: [0.025, -0.020, 0.000]
[INFO] [1777033288.229817246] [ecef_to_enu_bridge]: ENU: [0.026, -0.020, 0.001]
[INFO] [1777033308.234954514] [ecef_to_enu_bridge]: ENU: [0.041, -0.025, -0.010]
[INFO] [1777033328.231624218] [ecef_to_enu_bridge]: ENU: [0.520, -0.096, -0.158]
[INFO] [1777033348.230072041] [ecef_to_enu_bridge]: ENU: [0.824, -0.059, -0.143]
[INFO] [1777033368.227995921] [ecef_to_enu_bridge]: ENU: [1.023, 0.035, -0.150]
[INFO] [1777033388.233361199] [ecef_to_enu_bridge]: ENU: [1.136, 0.126, -0.156]
[INFO] [1777033408.228375801] [ecef_to_enu_bridge]: ENU: [-2.631, 4.331, -0.224]
[INFO] [1777033428.228478197] [ecef_to_enu_bridge]: ENU: [-16.410, 16.106, -0.205]
[INFO] [1777033448.236296563] [ecef_to_enu_bridge]: ENU: [-36.144, 27.075, -0.418]
[INFO] [1777033468.228160617] [ecef_to_enu_bridge]: ENU: [-40.273, 21.589, -0.484]
[INFO] [1777033488.231515829] [ecef_to_enu_bridge]: ENU: [-41.106, 20.550, -0.489]
[INFO] [1777033508.226664982] [ecef_to_enu_bridge]: ENU: [-46.391, 14.038, -0.570]
[INFO] [1777033528.234939696] [ecef_to_enu_bridge]: ENU: [-61.845, -11.205, -1.059]
[INFO] [1777033548.232284821] [ecef_to_enu_bridge]: ENU: [-27.996, -13.903, -1.294]
[INFO] [1777033568.228870186] [ecef_to_enu_bridge]: ENU: [-28.181, 19.827, -1.405]
[INFO] [1777033588.231839160] [ecef_to_enu_bridge]: ENU: [-57.004, 13.280, -1.502]
[INFO] [1777033608.232114910] [ecef_to_enu_bridge]: ENU: [-65.997, -21.968, -1.947]
[INFO] [1777033628.240314873] [ecef_to_enu_bridge]: ENU: [-34.463, -31.031, -2.165]
[INFO] [1777033648.231128048] [ecef_to_enu_bridge]: ENU: [-11.280, -3.512, -2.292]
[INFO] [1777033668.239015757] [ecef_to_enu_bridge]: ENU: [-9.972, 18.310, -2.368]
[INFO] [1777033688.239283200] [ecef_to_enu_bridge]: ENU: [-35.766, 37.089, -2.469]
[INFO] [1777033708.240044702] [ecef_to_enu_bridge]: ENU: [-61.791, 31.202, -2.560]
[INFO] [1777033728.234177946] [ecef_to_enu_bridge]: ENU: [-68.255, -1.389, -2.662]
[INFO] [1777033748.232720087] [ecef_to_enu_bridge]: ENU: [-51.880, -16.713, -2.729]
[INFO] [1777033768.250550648] [ecef_to_enu_bridge]: ENU: [-39.939, -16.766, -2.855]
[INFO] [1777033788.240950161] [ecef_to_enu_bridge]: ENU: [-28.117, -5.824, -2.986]
[INFO] [1777033808.257782487] [ecef_to_enu_bridge]: ENU: [-20.486, 0.359, -2.949]
[INFO] [1777033828.228291103] [ecef_to_enu_bridge]: ENU: [-5.396, 5.444, -3.113]
[INFO] [1777033848.232632779] [ecef_to_enu_bridge]: ENU: [1.624, 0.987, -3.118]
[INFO] [1777033868.241065400] [ecef_to_enu_bridge]: ENU: [1.573, 1.004, -3.108]
[INFO] [1777033888.236476995] [ecef_to_enu_bridge]: ENU: [1.532, 1.027, -3.103]
[INFO] [1777033908.237140081] [ecef_to_enu_bridge]: ENU: [1.434, 1.131, -3.095]
[INFO] [1777033928.241590842] [ecef_to_enu_bridge]: ENU: [1.323, 1.249, -3.085]
[INFO] [1777033948.230746800] [ecef_to_enu_bridge]: ENU: [1.199, 1.374, -3.072]
[INFO] [1777033968.237486532] [ecef_to_enu_bridge]: ENU: [1.092, 1.486, -3.061]
[INFO] [1777033988.232455779] [ecef_to_enu_bridge]: ENU: [1.085, 1.515, -3.057]
[INFO] [1777034008.233106351] [ecef_to_enu_bridge]: ENU: [1.091, 1.507, -3.058]
[INFO] [1777034028.231694726] [ecef_to_enu_bridge]: ENU: [1.091, 1.507, -3.058]
[INFO] [1777034048.231441950] [ecef_to_enu_bridge]: ENU: [1.084, 1.514, -3.057]
[INFO] [1777034068.231386014] [ecef_to_enu_bridge]: ENU: [1.085, 1.512, -3.057]
[INFO] [1777034088.242690294] [ecef_to_enu_bridge]: ENU: [1.093, 1.506, -3.058]
[INFO] [1777034108.231281893] [ecef_to_enu_bridge]: ENU: [1.100, 1.500, -3.059]
[INFO] [1777034128.235038628] [ecef_to_enu_bridge]: ENU: [1.098, 1.505, -3.058]
[INFO] [1777034148.245944790] [ecef_to_enu_bridge]: ENU: [1.099, 1.504, -3.059]
[INFO] [1777034168.234658852] [ecef_to_enu_bridge]: ENU: [1.096, 1.505, -3.057]
[INFO] [1777034188.231035119] [ecef_to_enu_bridge]: ENU: [1.095, 1.507, -3.058]
[INFO] [1777034208.233829150] [ecef_to_enu_bridge]: ENU: [1.099, 1.502, -3.058]
[INFO] [1777034228.240323751] [ecef_to_enu_bridge]: ENU: [1.099, 1.502, -3.059]
[INFO] [1777034248.237113592] [ecef_to_enu_bridge]: ENU: [1.102, 1.500, -3.058]
[INFO] [1777034268.239977576] [ecef_to_enu_bridge]: ENU: [1.101, 1.502, -3.059]
[INFO] [1777034288.231154487] [ecef_to_enu_bridge]: ENU: [1.102, 1.500, -3.059]
[INFO] [1777034308.244337078] [ecef_to_enu_bridge]: ENU: [1.104, 1.497, -3.060]
[INFO] [1777034328.235354370] [ecef_to_enu_bridge]: ENU: [1.105, 1.495, -3.060]
[INFO] [1777034348.230697374] [ecef_to_enu_bridge]: ENU: [1.108, 1.489, -3.061]
[INFO] [1777034368.237340592] [ecef_to_enu_bridge]: ENU: [1.110, 1.488, -3.061]
[INFO] [1777034388.236198272] [ecef_to_enu_bridge]: ENU: [1.111, 1.487, -3.061]
[INFO] [1777034408.240403652] [ecef_to_enu_bridge]: ENU: [1.113, 1.482, -3.062]
[INFO] [1777034428.230035465] [ecef_to_enu_bridge]: ENU: [1.115, 1.478, -3.062]
[INFO] [1777034448.233437386] [ecef_to_enu_bridge]: ENU: [1.118, 1.471, -3.062]
[INFO] [1777034468.236401706] [ecef_to_enu_bridge]: ENU: [1.118, 1.471, -3.062]
[INFO] [1777034488.239313095] [ecef_to_enu_bridge]: ENU: [1.121, 1.464, -3.063]
[INFO] [1777034508.237886993] [ecef_to_enu_bridge]: ENU: [1.120, 1.466, -3.063]
[INFO] [1777034528.237112490] [ecef_to_enu_bridge]: ENU: [1.121, 1.463, -3.063]
[INFO] [1777034548.239640820] [ecef_to_enu_bridge]: ENU: [1.125, 1.456, -3.063]
[INFO] [1777034568.233250538] [ecef_to_enu_bridge]: ENU: [1.125, 1.459, -3.064]
[INFO] [1777034588.228595781] [ecef_to_enu_bridge]: ENU: [1.122, 1.466, -3.063]
[INFO] [1777034608.232643633] [ecef_to_enu_bridge]: ENU: [1.126, 1.458, -3.064]
[INFO] [1777034628.228325164] [ecef_to_enu_bridge]: ENU: [1.129, 1.450, -3.064]
[INFO] [1777034648.233925380] [ecef_to_enu_bridge]: ENU: [1.131, 1.444, -3.064]
[INFO] [1777034668.231294554] [ecef_to_enu_bridge]: ENU: [1.129, 1.447, -3.064]
[INFO] [1777034688.229405930] [ecef_to_enu_bridge]: ENU: [1.130, 1.444, -3.064]
[INFO] [1777034708.244453457] [ecef_to_enu_bridge]: ENU: [1.133, 1.440, -3.065]
[INFO] [1777034728.241857110] [ecef_to_enu_bridge]: ENU: [1.132, 1.444, -3.064]
[INFO] [1777034748.232508918] [ecef_to_enu_bridge]: ENU: [1.136, 1.435, -3.065]
[INFO] [1777034768.230986009] [ecef_to_enu_bridge]: ENU: [1.142, 1.424, -3.066]
[INFO] [1777034788.235487399] [ecef_to_enu_bridge]: ENU: [1.142, 1.426, -3.066]
[INFO] [1777034808.227309004] [ecef_to_enu_bridge]: ENU: [1.111, 1.582, -3.200]
[INFO] [1777034828.206422389] [ecef_to_enu_bridge]: ENU: [1.013, 1.822, -3.173]
[INFO] [1777034848.206473985] [ecef_to_enu_bridge]: ENU: [0.945, 1.950, -3.158]
[INFO] [1777034868.206517764] [ecef_to_enu_bridge]: ENU: [0.883, 2.046, -3.146]
[INFO] [1777034888.206787900] [ecef_to_enu_bridge]: ENU: [0.816, 2.149, -3.135]
[INFO] [1777034908.206301283] [ecef_to_enu_bridge]: ENU: [0.749, 2.252, -3.125]
[INFO] [1777034928.207207949] [ecef_to_enu_bridge]: ENU: [0.713, 2.320, -3.117]
[INFO] [1777034948.207245440] [ecef_to_enu_bridge]: ENU: [0.714, 2.320, -3.115]
[INFO] [1777034968.206419774] [ecef_to_enu_bridge]: ENU: [0.717, 2.321, -3.117]
[INFO] [1777034988.206376774] [ecef_to_enu_bridge]: ENU: [0.723, 2.312, -3.116]
[INFO] [1777035008.207509024] [ecef_to_enu_bridge]: ENU: [0.728, 2.304, -3.117]
[INFO] [1777035028.206699875] [ecef_to_enu_bridge]: ENU: [0.728, 2.299, -3.117]
[INFO] [1777035048.207493775] [ecef_to_enu_bridge]: ENU: [0.728, 2.298, -3.118]
[INFO] [1777035068.212033290] [ecef_to_enu_bridge]: ENU: [0.729, 2.298, -3.117]
[INFO] [1777035088.206492068] [ecef_to_enu_bridge]: ENU: [0.729, 2.298, -3.117]
[INFO] [1777035108.207710398] [ecef_to_enu_bridge]: ENU: [0.727, 2.299, -3.117]
[INFO] [1777035128.207088740] [ecef_to_enu_bridge]: ENU: [0.728, 2.297, -3.118]
[INFO] [1777035148.206321119] [ecef_to_enu_bridge]: ENU: [0.728, 2.297, -3.118]
[INFO] [1777035168.206840951] [ecef_to_enu_bridge]: ENU: [0.730, 2.295, -3.119]
[INFO] [1777035188.207580180] [ecef_to_enu_bridge]: ENU: [0.731, 2.297, -3.117]
[INFO] [1777035208.206422624] [ecef_to_enu_bridge]: ENU: [0.724, 2.310, -3.117]
[INFO] [1777035228.206599907] [ecef_to_enu_bridge]: ENU: [0.719, 2.316, -3.117]
[INFO] [1777035248.206397284] [ecef_to_enu_bridge]: ENU: [0.717, 2.315, -3.116]
[INFO] [1777035268.206178645] [ecef_to_enu_bridge]: ENU: [0.714, 2.317, -3.117]
[INFO] [1777035288.207521236] [ecef_to_enu_bridge]: ENU: [0.718, 2.316, -3.116]
[INFO] [1777035308.206918123] [ecef_to_enu_bridge]: ENU: [0.729, 2.297, -3.119]
[INFO] [1777035328.206248379] [ecef_to_enu_bridge]: ENU: [0.727, 2.295, -3.119]
[INFO] [1777035348.206681597] [ecef_to_enu_bridge]: ENU: [0.727, 2.295, -3.119]
[INFO] [1777035368.207385542] [ecef_to_enu_bridge]: ENU: [0.725, 2.298, -3.120]
[INFO] [1777035388.205637077] [ecef_to_enu_bridge]: ENU: [0.726, 2.296, -3.120]
[INFO] [1777035408.206110357] [ecef_to_enu_bridge]: ENU: [0.728, 2.291, -3.121]
[INFO] [1777035428.205761826] [ecef_to_enu_bridge]: ENU: [0.733, 2.283, -3.122]
[INFO] [1777035448.207013494] [ecef_to_enu_bridge]: ENU: [0.731, 2.287, -3.122]
[INFO] [1777035468.207006461] [ecef_to_enu_bridge]: ENU: [0.731, 2.286, -3.122]
[INFO] [1777035488.206710593] [ecef_to_enu_bridge]: ENU: [0.732, 2.284, -3.122]
[INFO] [1777035508.208723083] [ecef_to_enu_bridge]: ENU: [0.729, 2.289, -3.122]
[INFO] [1777035528.207229938] [ecef_to_enu_bridge]: ENU: [0.731, 2.286, -3.123]
[INFO] [1777035548.212060724] [ecef_to_enu_bridge]: ENU: [0.730, 2.287, -3.123]
[INFO] [1777035568.206355044] [ecef_to_enu_bridge]: ENU: [0.730, 2.288, -3.122]
[INFO] [1777035588.206535349] [ecef_to_enu_bridge]: ENU: [0.733, 2.283, -3.122]
[INFO] [1777035608.210179790] [ecef_to_enu_bridge]: ENU: [0.755, 2.245, -3.124]
[INFO] [1777035628.206964895] [ecef_to_enu_bridge]: ENU: [0.754, 2.244, -3.123]
[INFO] [1777035648.207227856] [ecef_to_enu_bridge]: ENU: [0.751, 2.242, -3.122]
[INFO] [1777035668.206446538] [ecef_to_enu_bridge]: ENU: [0.756, 2.234, -3.122]
[INFO] [1777035688.206627978] [ecef_to_enu_bridge]: ENU: [0.739, 2.265, -3.122]
[INFO] [1777035708.205511290] [ecef_to_enu_bridge]: ENU: [0.741, 2.257, -3.122]
[INFO] [1777035728.208265644] [ecef_to_enu_bridge]: ENU: [0.744, 2.251, -3.123]
[INFO] [1777035748.205467907] [ecef_to_enu_bridge]: ENU: [0.750, 2.241, -3.124]
[INFO] [1777035768.206213310] [ecef_to_enu_bridge]: ENU: [0.752, 2.239, -3.125]
[INFO] [1777035788.207471067] [ecef_to_enu_bridge]: ENU: [0.767, 2.217, -3.127]
[INFO] [1777035808.205537360] [ecef_to_enu_bridge]: ENU: [0.778, 2.200, -3.129]
[INFO] [1777035828.210498376] [ecef_to_enu_bridge]: ENU: [0.788, 2.185, -3.130]
[INFO] [1777035848.205423326] [ecef_to_enu_bridge]: ENU: [0.789, 2.185, -3.131]
[INFO] [1777035868.207183610] [ecef_to_enu_bridge]: ENU: [0.798, 2.170, -3.132]
[INFO] [1777035888.206661133] [ecef_to_enu_bridge]: ENU: [0.798, 2.169, -3.132]
[INFO] [1777035908.218396184] [ecef_to_enu_bridge]: ENU: [0.585, 1.624, -3.609]
[INFO] [1777035928.229968592] [ecef_to_enu_bridge]: ENU: [2.657, -0.412, -3.178]
[INFO] [1777035948.234020462] [ecef_to_enu_bridge]: ENU: [3.304, -1.188, -3.473]
[INFO] [1777035968.230323867] [ecef_to_enu_bridge]: ENU: [3.306, -1.216, -3.529]
[INFO] [1777035988.237243759] [ecef_to_enu_bridge]: ENU: [3.364, -1.292, -3.528]
[INFO] [1777036008.234895492] [ecef_to_enu_bridge]: ENU: [3.390, -1.340, -3.528]
[INFO] [1777036032.728507591] [ecef_to_enu_bridge]: ENU: [3.405, -1.375, -3.527]
[INFO] [1777036055.833477329] [ecef_to_enu_bridge]: ENU: [3.420, -1.416, -3.525]
[INFO] [1777036075.832205462] [ecef_to_enu_bridge]: ENU: [3.431, -1.451, -3.527]
[INFO] [1777036095.835126654] [ecef_to_enu_bridge]: ENU: [3.450, -1.492, -3.527]
[INFO] [1777036115.828005205] [ecef_to_enu_bridge]: ENU: [3.465, -1.544, -3.526]
[INFO] [1777036135.828872511] [ecef_to_enu_bridge]: ENU: [3.478, -1.596, -3.525]
[INFO] [1777036155.828241025] [ecef_to_enu_bridge]: ENU: [3.490, -1.644, -3.525]
[INFO] [1777036175.832787929] [ecef_to_enu_bridge]: ENU: [3.498, -1.683, -3.524]
[INFO] [1777036195.833737456] [ecef_to_enu_bridge]: ENU: [3.498, -1.681, -3.524]
[INFO] [1777036215.831299394] [ecef_to_enu_bridge]: ENU: [3.497, -1.681, -3.525]
[INFO] [1777036235.832689307] [ecef_to_enu_bridge]: ENU: [3.496, -1.678, -3.525]
[INFO] [1777036255.831755539] [ecef_to_enu_bridge]: ENU: [3.496, -1.676, -3.525]
[INFO] [1777036275.830819915] [ecef_to_enu_bridge]: ENU: [3.496, -1.676, -3.525]
[INFO] [1777036295.837580096] [ecef_to_enu_bridge]: ENU: [3.496, -1.675, -3.525]
[INFO] [1777036315.833755413] [ecef_to_enu_bridge]: ENU: [3.495, -1.672, -3.526]
[INFO] [1777036335.832390013] [ecef_to_enu_bridge]: ENU: [3.495, -1.671, -3.526]
[INFO] [1777036355.831689915] [ecef_to_enu_bridge]: ENU: [3.494, -1.671, -3.526]
[INFO] [1777036375.829203171] [ecef_to_enu_bridge]: ENU: [3.494, -1.668, -3.526]
[INFO] [1777036395.829603014] [ecef_to_enu_bridge]: ENU: [3.493, -1.666, -3.526]
[INFO] [1777036415.831992730] [ecef_to_enu_bridge]: ENU: [3.493, -1.665, -3.527]
[INFO] [1777036435.833460974] [ecef_to_enu_bridge]: ENU: [3.493, -1.664, -3.526]
[INFO] [1777036455.829376399] [ecef_to_enu_bridge]: ENU: [3.493, -1.661, -3.527]
[INFO] [1777036475.832646019] [ecef_to_enu_bridge]: ENU: [3.493, -1.659, -3.527]
[INFO] [1777036495.830428218] [ecef_to_enu_bridge]: ENU: [3.493, -1.657, -3.526]
[INFO] [1777036515.833140384] [ecef_to_enu_bridge]: ENU: [3.492, -1.651, -3.527]
[INFO] [1777036535.828233683] [ecef_to_enu_bridge]: ENU: [3.489, -1.643, -3.527]
[INFO] [1777036555.832678731] [ecef_to_enu_bridge]: ENU: [3.487, -1.634, -3.527]
[INFO] [1777036575.838415332] [ecef_to_enu_bridge]: ENU: [3.484, -1.625, -3.527]
[INFO] [1777036595.831523522] [ecef_to_enu_bridge]: ENU: [3.480, -1.614, -3.527]
[INFO] [1777036615.830513066] [ecef_to_enu_bridge]: ENU: [3.477, -1.602, -3.527]
[INFO] [1777036635.833524738] [ecef_to_enu_bridge]: ENU: [3.473, -1.591, -3.527]
[INFO] [1777036655.835857071] [ecef_to_enu_bridge]: ENU: [3.469, -1.580, -3.526]
[INFO] [1777036675.833895860] [ecef_to_enu_bridge]: ENU: [3.465, -1.569, -3.526]
[INFO] [1777036695.836873062] [ecef_to_enu_bridge]: ENU: [3.462, -1.558, -3.525]
[INFO] [1777036715.835451744] [ecef_to_enu_bridge]: ENU: [3.458, -1.548, -3.526]
[INFO] [1777036735.831547944] [ecef_to_enu_bridge]: ENU: [3.456, -1.538, -3.526]
[INFO] [1777036755.839734229] [ecef_to_enu_bridge]: ENU: [3.453, -1.528, -3.525]
[INFO] [1777036775.851959745] [ecef_to_enu_bridge]: ENU: [3.450, -1.520, -3.524]
[INFO] [1777036795.832749068] [ecef_to_enu_bridge]: ENU: [3.448, -1.511, -3.524]
[INFO] [1777036815.834902886] [ecef_to_enu_bridge]: ENU: [3.447, -1.505, -3.524]
[INFO] [1777036835.834387764] [ecef_to_enu_bridge]: ENU: [3.445, -1.497, -3.524]
[INFO] [1777036855.830058579] [ecef_to_enu_bridge]: ENU: [3.443, -1.491, -3.524]
[INFO] [1777036875.832547655] [ecef_to_enu_bridge]: ENU: [3.443, -1.488, -3.525]
[INFO] [1777036895.832094238] [ecef_to_enu_bridge]: ENU: [3.441, -1.482, -3.526]
[INFO] [1777036915.830399442] [ecef_to_enu_bridge]: ENU: [3.438, -1.477, -3.528]
[INFO] [1777036935.829306816] [ecef_to_enu_bridge]: ENU: [3.438, -1.475, -3.530]
[INFO] [1777036955.832286500] [ecef_to_enu_bridge]: ENU: [3.435, -1.468, -3.533]
[INFO] [1777036975.841966540] [ecef_to_enu_bridge]: ENU: [3.434, -1.464, -3.534]
[INFO] [1777036995.833821233] [ecef_to_enu_bridge]: ENU: [3.432, -1.461, -3.536]
[INFO] [1777037015.827902858] [ecef_to_enu_bridge]: ENU: [3.430, -1.457, -3.536]
[INFO] [1777037035.830687983] [ecef_to_enu_bridge]: ENU: [3.428, -1.453, -3.538]
[INFO] [1777037055.830469172] [ecef_to_enu_bridge]: ENU: [3.427, -1.450, -3.540]
[INFO] [1777037075.832543256] [ecef_to_enu_bridge]: ENU: [3.426, -1.449, -3.541]
[INFO] [1777037095.832022499] [ecef_to_enu_bridge]: ENU: [3.423, -1.447, -3.543]
[INFO] [1777037115.835863933] [ecef_to_enu_bridge]: ENU: [3.422, -1.445, -3.543]
[INFO] [1777037135.831118382] [ecef_to_enu_bridge]: ENU: [3.421, -1.445, -3.544]
[INFO] [1777037155.829703440] [ecef_to_enu_bridge]: ENU: [3.420, -1.442, -3.545]
[INFO] [1777037175.831167922] [ecef_to_enu_bridge]: ENU: [3.419, -1.441, -3.546]
[INFO] [1777037195.835082210] [ecef_to_enu_bridge]: ENU: [3.419, -1.440, -3.546]
[INFO] [1777037215.847507508] [ecef_to_enu_bridge]: ENU: [3.418, -1.438, -3.548]
[INFO] [1777037235.831729336] [ecef_to_enu_bridge]: ENU: [3.418, -1.437, -3.548]
[INFO] [1777037255.829421493] [ecef_to_enu_bridge]: ENU: [3.418, -1.437, -3.547]
[INFO] [1777037275.846881367] [ecef_to_enu_bridge]: ENU: [3.417, -1.435, -3.546]
[INFO] [1777037295.831456770] [ecef_to_enu_bridge]: ENU: [3.417, -1.434, -3.546]
[INFO] [1777037315.835208042] [ecef_to_enu_bridge]: ENU: [3.417, -1.433, -3.546]
[INFO] [1777037335.830448947] [ecef_to_enu_bridge]: ENU: [3.417, -1.432, -3.546]
[INFO] [1777037355.828194891] [ecef_to_enu_bridge]: ENU: [3.416, -1.431, -3.546]
[INFO] [1777037375.832276589] [ecef_to_enu_bridge]: ENU: [3.428, -1.472, -3.544]
[INFO] [1777037395.830609097] [ecef_to_enu_bridge]: ENU: [3.441, -1.511, -3.543]
[INFO] [1777037415.831562350] [ecef_to_enu_bridge]: ENU: [3.450, -1.541, -3.542]
[INFO] [1777037435.837893237] [ecef_to_enu_bridge]: ENU: [3.458, -1.564, -3.542]
[INFO] [1777037455.834910854] [ecef_to_enu_bridge]: ENU: [3.465, -1.583, -3.542]
[INFO] [1777037475.830082923] [ecef_to_enu_bridge]: ENU: [3.470, -1.598, -3.541]
[INFO] [1777037495.830543495] [ecef_to_enu_bridge]: ENU: [3.470, -1.602, -3.542]
[INFO] [1777037515.830108394] [ecef_to_enu_bridge]: ENU: [3.469, -1.601, -3.542]
[INFO] [1777037535.830661950] [ecef_to_enu_bridge]: ENU: [3.469, -1.599, -3.542]
[INFO] [1777037555.832174365] [ecef_to_enu_bridge]: ENU: [3.469, -1.598, -3.542]
[INFO] [1777037575.834677432] [ecef_to_enu_bridge]: ENU: [3.469, -1.597, -3.542]
[INFO] [1777037595.831564167] [ecef_to_enu_bridge]: ENU: [3.468, -1.596, -3.542]
[INFO] [1777037615.828383303] [ecef_to_enu_bridge]: ENU: [3.468, -1.595, -3.542]
[INFO] [1777037635.832204770] [ecef_to_enu_bridge]: ENU: [3.467, -1.594, -3.542]
[INFO] [1777037655.831887153] [ecef_to_enu_bridge]: ENU: [3.469, -1.606, -3.544]
[INFO] [1777037675.829836231] [ecef_to_enu_bridge]: ENU: [3.485, -1.630, -3.541]
[INFO] [1777037695.831684377] [ecef_to_enu_bridge]: ENU: [3.502, -1.654, -3.539]
[INFO] [1777037715.829892562] [ecef_to_enu_bridge]: ENU: [3.516, -1.678, -3.537]
[INFO] [1777037735.830168108] [ecef_to_enu_bridge]: ENU: [3.530, -1.702, -3.536]
[INFO] [1777037755.832307029] [ecef_to_enu_bridge]: ENU: [3.543, -1.724, -3.534]
[INFO] [1777037775.831941467] [ecef_to_enu_bridge]: ENU: [3.553, -1.733, -3.534]
[INFO] [1777037795.833620315] [ecef_to_enu_bridge]: ENU: [3.551, -1.733, -3.534]
[INFO] [1777037815.830128708] [ecef_to_enu_bridge]: ENU: [3.550, -1.732, -3.533]
[INFO] [1777037835.829507668] [ecef_to_enu_bridge]: ENU: [3.549, -1.731, -3.534]
[INFO] [1777037855.829455487] [ecef_to_enu_bridge]: ENU: [3.549, -1.730, -3.534]
[INFO] [1777037875.830480816] [ecef_to_enu_bridge]: ENU: [3.549, -1.730, -3.534]
[INFO] [1777037895.830314947] [ecef_to_enu_bridge]: ENU: [3.549, -1.729, -3.534]
[INFO] [1777037915.834752868] [ecef_to_enu_bridge]: ENU: [3.549, -1.728, -3.534]
[INFO] [1777037935.838384127] [ecef_to_enu_bridge]: ENU: [3.549, -1.728, -3.534]
[INFO] [1777037955.900967055] [ecef_to_enu_bridge]: ENU: [3.548, -1.727, -3.534]
[INFO] [1777037975.840478945] [ecef_to_enu_bridge]: ENU: [3.548, -1.726, -3.534]
[INFO] [1777037995.840307050] [ecef_to_enu_bridge]: ENU: [3.548, -1.726, -3.534]
[INFO] [1777038015.829882140] [ecef_to_enu_bridge]: ENU: [3.547, -1.726, -3.533]
[INFO] [1777038035.832256564] [ecef_to_enu_bridge]: ENU: [3.547, -1.725, -3.533]
[INFO] [1777038055.827782020] [ecef_to_enu_bridge]: ENU: [3.547, -1.725, -3.533]
[INFO] [1777038075.830431005] [ecef_to_enu_bridge]: ENU: [3.546, -1.724, -3.533]
[INFO] [1777038095.827778894] [ecef_to_enu_bridge]: ENU: [3.552, -1.731, -3.533]
[INFO] [1777038115.831107910] [ecef_to_enu_bridge]: ENU: [3.560, -1.746, -3.532]
[INFO] [1777038136.127825398] [ecef_to_enu_bridge]: ENU: [3.568, -1.762, -3.531]
[INFO] [1777038156.232682953] [ecef_to_enu_bridge]: ENU: [3.577, -1.780, -3.531]
[INFO] [1777038176.231188791] [ecef_to_enu_bridge]: ENU: [3.586, -1.797, -3.531]
[INFO] [1777038196.234698677] [ecef_to_enu_bridge]: ENU: [2.970, -1.603, -3.296]
[INFO] [1777038216.232374810] [ecef_to_enu_bridge]: ENU: [-1.220, -2.314, -3.299]
[INFO] [1777038236.238350697] [ecef_to_enu_bridge]: ENU: [-0.807, -2.767, -2.848]
[INFO] [1777038256.230290743] [ecef_to_enu_bridge]: ENU: [0.559, -3.351, -2.848]
[INFO] [1777038276.229800702] [ecef_to_enu_bridge]: ENU: [0.418, -3.388, -2.857]
[INFO] [1777038296.231512564] [ecef_to_enu_bridge]: ENU: [0.351, -3.451, -2.857]
[INFO] [1777038316.237262174] [ecef_to_enu_bridge]: ENU: [0.334, -3.520, -2.854]
[INFO] [1777038336.232245527] [ecef_to_enu_bridge]: ENU: [0.339, -3.574, -2.851]
[INFO] [1777038356.233495120] [ecef_to_enu_bridge]: ENU: [0.348, -3.623, -2.850]
[INFO] [1777038376.234310611] [ecef_to_enu_bridge]: ENU: [0.351, -3.641, -2.848]
[INFO] [1777038396.233330752] [ecef_to_enu_bridge]: ENU: [0.351, -3.640, -2.849]
[INFO] [1777038416.229252825] [ecef_to_enu_bridge]: ENU: [0.352, -3.639, -2.848]
[INFO] [1777038436.230499700] [ecef_to_enu_bridge]: ENU: [0.351, -3.638, -2.849]
[INFO] [1777038456.230691525] [ecef_to_enu_bridge]: ENU: [0.352, -3.637, -2.849]
[INFO] [1777038476.231436393] [ecef_to_enu_bridge]: ENU: [0.357, -3.636, -2.848]
[INFO] [1777038496.232100055] [ecef_to_enu_bridge]: ENU: [0.356, -3.637, -2.849]
[INFO] [1777038516.233927522] [ecef_to_enu_bridge]: ENU: [0.359, -3.637, -2.848]
[INFO] [1777038536.234631064] [ecef_to_enu_bridge]: ENU: [0.363, -3.637, -2.848]
[INFO] [1777038556.231612688] [ecef_to_enu_bridge]: ENU: [0.367, -3.637, -2.847]
[INFO] [1777038576.231156067] [ecef_to_enu_bridge]: ENU: [0.363, -3.634, -2.848]
[INFO] [1777038596.235557865] [ecef_to_enu_bridge]: ENU: [0.364, -3.633, -2.848]
[INFO] [1777038616.231205129] [ecef_to_enu_bridge]: ENU: [0.366, -3.632, -2.848]
[INFO] [1777038636.239585130] [ecef_to_enu_bridge]: ENU: [0.368, -3.631, -2.848]
[INFO] [1777038656.230448366] [ecef_to_enu_bridge]: ENU: [0.382, -3.634, -2.848]
[INFO] [1777038676.237415871] [ecef_to_enu_bridge]: ENU: [0.377, -3.631, -2.848]
[INFO] [1777038696.234690386] [ecef_to_enu_bridge]: ENU: [0.380, -3.628, -2.848]
[INFO] [1777038716.231574347] [ecef_to_enu_bridge]: ENU: [0.384, -3.626, -2.848]
[INFO] [1777038736.236363835] [ecef_to_enu_bridge]: ENU: [0.386, -3.624, -2.848]
[INFO] [1777038756.229021536] [ecef_to_enu_bridge]: ENU: [0.388, -3.623, -2.848]
[INFO] [1777038776.236147362] [ecef_to_enu_bridge]: ENU: [0.391, -3.621, -2.848]
[INFO] [1777038796.228190442] [ecef_to_enu_bridge]: ENU: [0.393, -3.619, -2.848]
[INFO] [1777038816.238990455] [ecef_to_enu_bridge]: ENU: [0.400, -3.620, -2.847]
[INFO] [1777038836.233379095] [ecef_to_enu_bridge]: ENU: [0.399, -3.618, -2.848]
[INFO] [1777038856.235583049] [ecef_to_enu_bridge]: ENU: [0.403, -3.617, -2.848]
[INFO] [1777038876.234880302] [ecef_to_enu_bridge]: ENU: [0.405, -3.616, -2.847]
[INFO] [1777038896.234020155] [ecef_to_enu_bridge]: ENU: [0.418, -3.618, -2.847]
[INFO] [1777038916.233041016] [ecef_to_enu_bridge]: ENU: [0.416, -3.617, -2.847]
[INFO] [1777038936.234981221] [ecef_to_enu_bridge]: ENU: [0.421, -3.615, -2.847]
[INFO] [1777038956.231450194] [ecef_to_enu_bridge]: ENU: [-0.244, -4.119, -2.614]
[INFO] [1777038976.234207198] [ecef_to_enu_bridge]: ENU: [-6.461, -3.453, -2.494]
[INFO] [1777038996.236355582] [ecef_to_enu_bridge]: ENU: [-21.370, 4.649, -2.134]
[INFO] [1777039016.235758497] [ecef_to_enu_bridge]: ENU: [-35.378, 13.717, -2.043]
[INFO] [1777039036.230458560] [ecef_to_enu_bridge]: ENU: [-51.375, 13.328, -2.146]
[INFO] [1777039056.269065167] [ecef_to_enu_bridge]: ENU: [-47.608, -1.145, -2.221]
[INFO] [1777039076.230933676] [ecef_to_enu_bridge]: ENU: [-30.190, -5.935, -2.329]
[INFO] [1777039096.237312012] [ecef_to_enu_bridge]: ENU: [-14.718, -10.827, -2.318]
[INFO] [1777039116.230676558] [ecef_to_enu_bridge]: ENU: [-7.105, 4.002, -2.489]
[INFO] [1777039136.238655010] [ecef_to_enu_bridge]: ENU: [2.280, 5.466, -2.510]
[INFO] [1777039156.229875634] [ecef_to_enu_bridge]: ENU: [2.318, 5.251, -2.480]
[INFO] [1777039176.235824379] [ecef_to_enu_bridge]: ENU: [2.342, 5.063, -2.445]
[INFO] [1777039196.239044005] [ecef_to_enu_bridge]: ENU: [2.373, 4.908, -2.422]
[INFO] [1777039216.241789602] [ecef_to_enu_bridge]: ENU: [2.375, 4.876, -2.422]
[INFO] [1777039236.228621627] [ecef_to_enu_bridge]: ENU: [2.385, 4.777, -2.415]
[INFO] [1777039256.227588498] [ecef_to_enu_bridge]: ENU: [2.391, 4.738, -2.416]
[INFO] [1777039276.230825858] [ecef_to_enu_bridge]: ENU: [2.390, 4.742, -2.416]
Traceback (most recent call last):
  File "/root/ros2_ws/install/lio_slam/share/lio_slam/tools/ecef_to_enu_bridge.py", line 90, in <module>
    main()
  File "/root/ros2_ws/install/lio_slam/share/lio_slam/tools/ecef_to_enu_bridge.py", line 85, in main
    rclpy.spin(node)
  File "/opt/ros/humble/local/lib/python3.10/dist-packages/rclpy/__init__.py", line 229, in spin
    executor.spin_once()
  File "/opt/ros/humble/local/lib/python3.10/dist-packages/rclpy/executors.py", line 808, in spin_once
    self._spin_once_impl(timeout_sec)
  File "/opt/ros/humble/local/lib/python3.10/dist-packages/rclpy/executors.py", line 797, in _spin_once_impl
    handler, entity, node = self.wait_for_ready_callbacks(timeout_sec=timeout_sec)
  File "/opt/ros/humble/local/lib/python3.10/dist-packages/rclpy/executors.py", line 780, in wait_for_ready_callbacks
    return next(self._cb_iter)
  File "/opt/ros/humble/local/lib/python3.10/dist-packages/rclpy/executors.py", line 681, in _wait_for_ready_callbacks
    raise ExternalShutdownException()
rclpy.executors.ExternalShutdownException
