[INFO] [1777033159.113127695] [rename_pointcloud_field]: Remapping /LIDAR/POINTS -> /LIDAR/POINTS_REMAP (timestamp:float64 -> time:float32)
[INFO] [1777033159.291414367] [rename_pointcloud_field]: Published first converted cloud (relative time range: 0.0 .. 0.386643s, header stamp: 1777033218.086662769)
[INFO] [1777033785.172217396] [rename_pointcloud_field]: Published 2000 clouds (2000 converted)
[INFO] [1777034434.129970220] [rename_pointcloud_field]: Published 4000 clouds (4000 converted)
[INFO] [1777036197.920978153] [rename_pointcloud_field]: Published 6000 clouds (6000 converted)
[INFO] [1777036880.802048544] [rename_pointcloud_field]: Published 8000 clouds (8000 converted)
[INFO] [1777037555.198196588] [rename_pointcloud_field]: Published 10000 clouds (10000 converted)
[INFO] [1777038188.452235614] [rename_pointcloud_field]: Published 12000 clouds (12000 converted)
[INFO] [1777038877.489826642] [rename_pointcloud_field]: Published 14000 clouds (14000 converted)
Traceback (most recent call last):
  File "/data/rename_pointcloud_field.py", line 212, in main
    rclpy.spin(node)
  File "/opt/ros/humble/local/lib/python3.10/dist-packages/rclpy/__init__.py", line 229, in spin
    executor.spin_once()
  File "/opt/ros/humble/local/lib/python3.10/dist-packages/rclpy/executors.py", line 808, in spin_once
    self._spin_once_impl(timeout_sec)
  File "/opt/ros/humble/local/lib/python3.10/dist-packages/rclpy/executors.py", line 805, in _spin_once_impl
    raise handler.exception()
  File "/opt/ros/humble/local/lib/python3.10/dist-packages/rclpy/task.py", line 272, in _execute_coroutine_step
    result = coro.send(None)
  File "/opt/ros/humble/local/lib/python3.10/dist-packages/rclpy/executors.py", line 488, in handler
    await call_coroutine(entity, arg)
  File "/opt/ros/humble/local/lib/python3.10/dist-packages/rclpy/executors.py", line 407, in _execute_subscription
    await await_or_execute(sub.callback, msg)
  File "/opt/ros/humble/local/lib/python3.10/dist-packages/rclpy/executors.py", line 110, in await_or_execute
    return callback(*args)
  File "/data/rename_pointcloud_field.py", line 195, in cloud_cb
    self.publisher.publish(out)
  File "/opt/ros/humble/local/lib/python3.10/dist-packages/rclpy/publisher.py", line 70, in publish
    self.__publisher.publish(msg)
rclpy._rclpy_pybind11.RCLError: Failed to publish: publisher's context is invalid, at ./src/rcl/publisher.c:389

During handling of the above exception, another exception occurred:

Traceback (most recent call last):
  File "/data/rename_pointcloud_field.py", line 221, in <module>
    main()
  File "/data/rename_pointcloud_field.py", line 217, in main
    rclpy.shutdown()
  File "/opt/ros/humble/local/lib/python3.10/dist-packages/rclpy/__init__.py", line 130, in shutdown
    _shutdown(context=context)
  File "/opt/ros/humble/local/lib/python3.10/dist-packages/rclpy/utilities.py", line 58, in shutdown
    return context.shutdown()
  File "/opt/ros/humble/local/lib/python3.10/dist-packages/rclpy/context.py", line 102, in shutdown
    self.__context.shutdown()
rclpy._rclpy_pybind11.RCLError: failed to shutdown: rcl_shutdown already called on the given context, at ./src/rcl/init.c:241
